{"C:\\Users\\adriana.p\\source\\repos\\nps-frontend-adriana\\eslint.config.js": {"path":"C:\\Users\\adriana.p\\source\\repos\\nps-frontend-adriana\\eslint.config.js","all":true,"statementMap":{"0":{"start":{"line":1,"column":0},"end":{"line":1,"column":27}},"1":{"start":{"line":2,"column":0},"end":{"line":2,"column":29}},"2":{"start":{"line":3,"column":0},"end":{"line":3,"column":50}},"3":{"start":{"line":4,"column":0},"end":{"line":4,"column":54}},"4":{"start":{"line":5,"column":0},"end":{"line":5,"column":40}},"5":{"start":{"line":6,"column":0},"end":{"line":6,"column":0}},"6":{"start":{"line":7,"column":0},"end":{"line":7,"column":31}},"7":{"start":{"line":8,"column":0},"end":{"line":8,"column":24}},"8":{"start":{"line":9,"column":0},"end":{"line":9,"column":3}},"9":{"start":{"line":10,"column":0},"end":{"line":10,"column":71}},"10":{"start":{"line":11,"column":0},"end":{"line":11,"column":29}},"11":{"start":{"line":12,"column":0},"end":{"line":12,"column":22}},"12":{"start":{"line":13,"column":0},"end":{"line":13,"column":24}},"13":{"start":{"line":14,"column":0},"end":{"line":14,"column":31}},"14":{"start":{"line":15,"column":0},"end":{"line":15,"column":6}},"15":{"start":{"line":16,"column":0},"end":{"line":16,"column":14}},"16":{"start":{"line":17,"column":0},"end":{"line":17,"column":32}},"17":{"start":{"line":18,"column":0},"end":{"line":18,"column":36}},"18":{"start":{"line":19,"column":0},"end":{"line":19,"column":6}},"19":{"start":{"line":20,"column":0},"end":{"line":20,"column":12}},"20":{"start":{"line":21,"column":0},"end":{"line":21,"column":46}},"21":{"start":{"line":22,"column":0},"end":{"line":22,"column":47}},"22":{"start":{"line":23,"column":0},"end":{"line":23,"column":15}},"23":{"start":{"line":24,"column":0},"end":{"line":24,"column":38}},"24":{"start":{"line":25,"column":0},"end":{"line":25,"column":8}},"25":{"start":{"line":26,"column":0},"end":{"line":26,"column":6}},"26":{"start":{"line":27,"column":0},"end":{"line":27,"column":4}},"27":{"start":{"line":28,"column":0},"end":{"line":28,"column":1}}},"s":{"0":0,"1":0,"2":0,"3":0,"4":0,"5":0,"6":0,"7":0,"8":0,"9":0,"10":0,"11":0,"12":0,"13":0,"14":0,"15":0,"16":0,"17":0,"18":0,"19":0,"20":0,"21":0,"22":0,"23":0,"24":0,"25":0,"26":0,"27":0},"branchMap":{"0":{"type":"branch","line":1,"loc":{"start":{"line":1,"column":0},"end":{"line":28,"column":-416}},"locations":[{"start":{"line":1,"column":0},"end":{"line":28,"column":-416}}]}},"b":{"0":[0]},"fnMap":{"0":{"name":"(empty-report)","decl":{"start":{"line":1,"column":0},"end":{"line":28,"column":-416}},"loc":{"start":{"line":1,"column":0},"end":{"line":28,"column":-416}},"line":1}},"f":{"0":0}}
,"C:\\Users\\adriana.p\\source\\repos\\nps-frontend-adriana\\vite.config.ts": {"path":"C:\\Users\\adriana.p\\source\\repos\\nps-frontend-adriana\\vite.config.ts","all":true,"statementMap":{"0":{"start":{"line":1,"column":0},"end":{"line":1,"column":35}},"1":{"start":{"line":2,"column":0},"end":{"line":2,"column":40}},"14":{"start":{"line":15,"column":0},"end":{"line":15,"column":29}},"15":{"start":{"line":16,"column":0},"end":{"line":16,"column":21}},"16":{"start":{"line":17,"column":0},"end":{"line":17,"column":9}},"17":{"start":{"line":18,"column":0},"end":{"line":18,"column":18}},"18":{"start":{"line":19,"column":0},"end":{"line":19,"column":25}},"19":{"start":{"line":20,"column":0},"end":{"line":20,"column":38}},"20":{"start":{"line":21,"column":0},"end":{"line":21,"column":66}},"21":{"start":{"line":22,"column":0},"end":{"line":22,"column":11}},"22":{"start":{"line":23,"column":0},"end":{"line":23,"column":18}},"23":{"start":{"line":24,"column":0},"end":{"line":24,"column":14}},"24":{"start":{"line":25,"column":0},"end":{"line":25,"column":50}},"25":{"start":{"line":26,"column":0},"end":{"line":26,"column":9}},"26":{"start":{"line":27,"column":0},"end":{"line":27,"column":7}},"27":{"start":{"line":28,"column":0},"end":{"line":28,"column":6}},"28":{"start":{"line":29,"column":0},"end":{"line":29,"column":21}},"29":{"start":{"line":30,"column":0},"end":{"line":30,"column":67}},"30":{"start":{"line":31,"column":0},"end":{"line":31,"column":91}},"31":{"start":{"line":32,"column":0},"end":{"line":32,"column":62}},"32":{"start":{"line":33,"column":0},"end":{"line":33,"column":6}},"33":{"start":{"line":34,"column":0},"end":{"line":34,"column":13}},"34":{"start":{"line":35,"column":0},"end":{"line":35,"column":3}},"35":{"start":{"line":36,"column":0},"end":{"line":36,"column":24}}},"s":{"0":0,"1":0,"14":0,"15":0,"16":0,"17":0,"18":0,"19":0,"20":0,"21":0,"22":0,"23":0,"24":0,"25":0,"26":0,"27":0,"28":0,"29":0,"30":0,"31":0,"32":0,"33":0,"34":0,"35":0},"branchMap":{"0":{"type":"branch","line":1,"loc":{"start":{"line":1,"column":956},"end":{"line":36,"column":24}},"locations":[{"start":{"line":1,"column":956},"end":{"line":36,"column":24}}]}},"b":{"0":[0]},"fnMap":{"0":{"name":"(empty-report)","decl":{"start":{"line":1,"column":956},"end":{"line":36,"column":24}},"loc":{"start":{"line":1,"column":956},"end":{"line":36,"column":24}},"line":1}},"f":{"0":0}}
,"C:\\Users\\adriana.p\\source\\repos\\nps-frontend-adriana\\src\\App.tsx": {"path":"C:\\Users\\adriana.p\\source\\repos\\nps-frontend-adriana\\src\\App.tsx","all":true,"statementMap":{"0":{"start":{"line":1,"column":0},"end":{"line":1,"column":74}},"1":{"start":{"line":2,"column":0},"end":{"line":2,"column":81}},"2":{"start":{"line":3,"column":0},"end":{"line":3,"column":48}},"3":{"start":{"line":4,"column":0},"end":{"line":4,"column":47}},"5":{"start":{"line":6,"column":0},"end":{"line":6,"column":18}},"6":{"start":{"line":7,"column":0},"end":{"line":7,"column":10}},"7":{"start":{"line":8,"column":0},"end":{"line":8,"column":12}},"8":{"start":{"line":9,"column":0},"end":{"line":9,"column":27}},"9":{"start":{"line":10,"column":0},"end":{"line":10,"column":16}},"10":{"start":{"line":11,"column":0},"end":{"line":11,"column":16}},"11":{"start":{"line":12,"column":0},"end":{"line":12,"column":20}},"12":{"start":{"line":13,"column":0},"end":{"line":13,"column":21}},"13":{"start":{"line":14,"column":0},"end":{"line":14,"column":31}},"15":{"start":{"line":16,"column":0},"end":{"line":16,"column":12}},"16":{"start":{"line":17,"column":0},"end":{"line":17,"column":17}},"17":{"start":{"line":18,"column":0},"end":{"line":18,"column":23}},"18":{"start":{"line":19,"column":0},"end":{"line":19,"column":30}},"19":{"start":{"line":20,"column":0},"end":{"line":20,"column":26}},"20":{"start":{"line":21,"column":0},"end":{"line":21,"column":33}},"21":{"start":{"line":22,"column":0},"end":{"line":22,"column":29}},"22":{"start":{"line":23,"column":0},"end":{"line":23,"column":22}},"23":{"start":{"line":24,"column":0},"end":{"line":24,"column":21}},"24":{"start":{"line":25,"column":0},"end":{"line":25,"column":26}},"25":{"start":{"line":26,"column":0},"end":{"line":26,"column":19}},"26":{"start":{"line":27,"column":0},"end":{"line":27,"column":22}},"27":{"start":{"line":28,"column":0},"end":{"line":28,"column":10}},"28":{"start":{"line":29,"column":0},"end":{"line":29,"column":12}},"29":{"start":{"line":30,"column":0},"end":{"line":30,"column":17}},"31":{"start":{"line":32,"column":0},"end":{"line":32,"column":1}},"33":{"start":{"line":34,"column":0},"end":{"line":34,"column":19}}},"s":{"0":0,"1":0,"2":0,"3":0,"5":0,"6":0,"7":0,"8":0,"9":0,"10":0,"11":0,"12":0,"13":0,"15":0,"16":0,"17":0,"18":0,"19":0,"20":0,"21":0,"22":0,"23":0,"24":0,"25":0,"26":0,"27":0,"28":0,"29":0,"31":0,"33":0},"branchMap":{"0":{"type":"branch","line":1,"loc":{"start":{"line":1,"column":0},"end":{"line":34,"column":-472}},"locations":[{"start":{"line":1,"column":0},"end":{"line":34,"column":-472}}]}},"b":{"0":[0]},"fnMap":{"0":{"name":"(empty-report)","decl":{"start":{"line":1,"column":0},"end":{"line":34,"column":-472}},"loc":{"start":{"line":1,"column":0},"end":{"line":34,"column":-472}},"line":1}},"f":{"0":0}}
,"C:\\Users\\adriana.p\\source\\repos\\nps-frontend-adriana\\src\\main.tsx": {"path":"C:\\Users\\adriana.p\\source\\repos\\nps-frontend-adriana\\src\\main.tsx","all":true,"statementMap":{"0":{"start":{"line":1,"column":0},"end":{"line":1,"column":34}},"1":{"start":{"line":2,"column":0},"end":{"line":2,"column":45}},"2":{"start":{"line":3,"column":0},"end":{"line":3,"column":27}},"3":{"start":{"line":4,"column":0},"end":{"line":4,"column":20}},"5":{"start":{"line":6,"column":0},"end":{"line":6,"column":52}},"6":{"start":{"line":7,"column":0},"end":{"line":7,"column":14}},"7":{"start":{"line":8,"column":0},"end":{"line":8,"column":11}},"8":{"start":{"line":9,"column":0},"end":{"line":9,"column":16}},"9":{"start":{"line":10,"column":0},"end":{"line":10,"column":1}}},"s":{"0":0,"1":0,"2":0,"3":0,"5":0,"6":0,"7":0,"8":0,"9":0},"branchMap":{"0":{"type":"branch","line":1,"loc":{"start":{"line":1,"column":229},"end":{"line":10,"column":1}},"locations":[{"start":{"line":1,"column":229},"end":{"line":10,"column":1}}]}},"b":{"0":[0]},"fnMap":{"0":{"name":"(empty-report)","decl":{"start":{"line":1,"column":229},"end":{"line":10,"column":1}},"loc":{"start":{"line":1,"column":229},"end":{"line":10,"column":1}},"line":1}},"f":{"0":0}}
,"C:\\Users\\adriana.p\\source\\repos\\nps-frontend-adriana\\src\\setupTest.js": {"path":"C:\\Users\\adriana.p\\source\\repos\\nps-frontend-adriana\\src\\setupTest.js","all":true,"statementMap":{"0":{"start":{"line":1,"column":0},"end":{"line":1,"column":20}},"1":{"start":{"line":2,"column":0},"end":{"line":2,"column":35}}},"s":{"0":0,"1":0},"branchMap":{"0":{"type":"branch","line":1,"loc":{"start":{"line":1,"column":0},"end":{"line":2,"column":-21}},"locations":[{"start":{"line":1,"column":0},"end":{"line":2,"column":-21}}]}},"b":{"0":[0]},"fnMap":{"0":{"name":"(empty-report)","decl":{"start":{"line":1,"column":0},"end":{"line":2,"column":-21}},"loc":{"start":{"line":1,"column":0},"end":{"line":2,"column":-21}},"line":1}},"f":{"0":0}}
,"C:\\Users\\adriana.p\\source\\repos\\nps-frontend-adriana\\src\\vite-env.d.ts": {"path":"C:\\Users\\adriana.p\\source\\repos\\nps-frontend-adriana\\src\\vite-env.d.ts","all":true,"statementMap":{},"s":{},"branchMap":{"0":{"type":"branch","line":1,"loc":{"start":{"line":1,"column":37},"end":{"line":1,"column":37}},"locations":[{"start":{"line":1,"column":37},"end":{"line":1,"column":37}}]}},"b":{"0":[1]},"fnMap":{"0":{"name":"(empty-report)","decl":{"start":{"line":1,"column":37},"end":{"line":1,"column":37}},"loc":{"start":{"line":1,"column":37},"end":{"line":1,"column":37}},"line":1}},"f":{"0":1}}
,"C:\\Users\\adriana.p\\source\\repos\\nps-frontend-adriana\\src\\presentation\\components\\elements\\Button\\Button.test.tsx": {"path":"C:\\Users\\adriana.p\\source\\repos\\nps-frontend-adriana\\src\\presentation\\components\\elements\\Button\\Button.test.tsx","all":false,"statementMap":{"0":{"start":{"line":1,"column":0},"end":{"line":1,"column":67}},"1":{"start":{"line":2,"column":0},"end":{"line":2,"column":34}},"2":{"start":{"line":3,"column":0},"end":{"line":3,"column":50}},"4":{"start":{"line":5,"column":0},"end":{"line":5,"column":25}},"5":{"start":{"line":6,"column":0},"end":{"line":6,"column":54}},"6":{"start":{"line":7,"column":0},"end":{"line":7,"column":41}},"7":{"start":{"line":8,"column":0},"end":{"line":8,"column":62}},"8":{"start":{"line":9,"column":0},"end":{"line":9,"column":5}},"10":{"start":{"line":11,"column":0},"end":{"line":11,"column":63}},"11":{"start":{"line":12,"column":0},"end":{"line":12,"column":32}},"12":{"start":{"line":13,"column":0},"end":{"line":13,"column":63}},"13":{"start":{"line":14,"column":0},"end":{"line":14,"column":51}},"14":{"start":{"line":15,"column":0},"end":{"line":15,"column":49}},"15":{"start":{"line":16,"column":0},"end":{"line":16,"column":5}},"17":{"start":{"line":18,"column":0},"end":{"line":18,"column":70}},"18":{"start":{"line":19,"column":0},"end":{"line":19,"column":50}},"19":{"start":{"line":20,"column":0},"end":{"line":20,"column":54}},"20":{"start":{"line":21,"column":0},"end":{"line":21,"column":5}},"22":{"start":{"line":23,"column":0},"end":{"line":23,"column":46}},"23":{"start":{"line":24,"column":0},"end":{"line":24,"column":52}},"24":{"start":{"line":25,"column":0},"end":{"line":25,"column":73}},"26":{"start":{"line":27,"column":0},"end":{"line":27,"column":54}},"27":{"start":{"line":28,"column":0},"end":{"line":28,"column":75}},"29":{"start":{"line":30,"column":0},"end":{"line":30,"column":51}},"30":{"start":{"line":31,"column":0},"end":{"line":31,"column":72}},"31":{"start":{"line":32,"column":0},"end":{"line":32,"column":5}},"33":{"start":{"line":34,"column":0},"end":{"line":34,"column":3}}},"s":{"0":1,"1":1,"2":1,"4":1,"5":1,"6":1,"7":1,"8":1,"10":1,"11":1,"12":1,"13":1,"14":1,"15":1,"17":1,"18":1,"19":1,"20":1,"22":1,"23":1,"24":1,"26":1,"27":1,"29":1,"30":1,"31":1,"33":1},"branchMap":{"0":{"type":"branch","line":5,"loc":{"start":{"line":5,"column":18},"end":{"line":34,"column":3}},"locations":[{"start":{"line":5,"column":18},"end":{"line":34,"column":3}}]},"1":{"type":"branch","line":6,"loc":{"start":{"line":6,"column":47},"end":{"line":9,"column":3}},"locations":[{"start":{"line":6,"column":47},"end":{"line":9,"column":3}}]},"2":{"type":"branch","line":11,"loc":{"start":{"line":11,"column":56},"end":{"line":16,"column":3}},"locations":[{"start":{"line":11,"column":56},"end":{"line":16,"column":3}}]},"3":{"type":"branch","line":18,"loc":{"start":{"line":18,"column":63},"end":{"line":21,"column":3}},"locations":[{"start":{"line":18,"column":63},"end":{"line":21,"column":3}}]},"4":{"type":"branch","line":23,"loc":{"start":{"line":23,"column":39},"end":{"line":32,"column":3}},"locations":[{"start":{"line":23,"column":39},"end":{"line":32,"column":3}}]}},"b":{"0":[1],"1":[1],"2":[1],"3":[1],"4":[1]},"fnMap":{},"f":{}}
,"C:\\Users\\adriana.p\\source\\repos\\nps-frontend-adriana\\src\\presentation\\components\\elements\\Button\\Button.tsx": {"path":"C:\\Users\\adriana.p\\source\\repos\\nps-frontend-adriana\\src\\presentation\\components\\elements\\Button\\Button.tsx","all":false,"statementMap":{"0":{"start":{"line":1,"column":0},"end":{"line":1,"column":30}},"2":{"start":{"line":3,"column":0},"end":{"line":3,"column":75}},"8":{"start":{"line":9,"column":0},"end":{"line":9,"column":4}},"9":{"start":{"line":10,"column":0},"end":{"line":10,"column":12}},"10":{"start":{"line":11,"column":0},"end":{"line":11,"column":110}},"12":{"start":{"line":13,"column":0},"end":{"line":13,"column":1}}},"s":{"0":1,"2":1,"8":112,"9":112,"10":112,"12":112},"branchMap":{"0":{"type":"branch","line":3,"loc":{"start":{"line":3,"column":7},"end":{"line":13,"column":1}},"locations":[{"start":{"line":3,"column":7},"end":{"line":13,"column":1}}]}},"b":{"0":[112]},"fnMap":{"0":{"name":"Button","decl":{"start":{"line":3,"column":7},"end":{"line":13,"column":1}},"loc":{"start":{"line":3,"column":7},"end":{"line":13,"column":1}},"line":3}},"f":{"0":112}}
,"C:\\Users\\adriana.p\\source\\repos\\nps-frontend-adriana\\src\\presentation\\components\\elements\\Button\\index.tsx": {"path":"C:\\Users\\adriana.p\\source\\repos\\nps-frontend-adriana\\src\\presentation\\components\\elements\\Button\\index.tsx","all":false,"statementMap":{"0":{"start":{"line":1,"column":0},"end":{"line":1,"column":34}}},"s":{"0":1},"branchMap":{},"b":{},"fnMap":{},"f":{}}
,"C:\\Users\\adriana.p\\source\\repos\\nps-frontend-adriana\\src\\presentation\\components\\elements\\Button\\styles.ts": {"path":"C:\\Users\\adriana.p\\source\\repos\\nps-frontend-adriana\\src\\presentation\\components\\elements\\Button\\styles.ts","all":false,"statementMap":{"0":{"start":{"line":1,"column":0},"end":{"line":1,"column":39}},"2":{"start":{"line":3,"column":0},"end":{"line":3,"column":61}},"4":{"start":{"line":5,"column":0},"end":{"line":5,"column":79}},"9":{"start":{"line":10,"column":0},"end":{"line":10,"column":55}},"14":{"start":{"line":15,"column":0},"end":{"line":15,"column":57}}},"s":{"0":1,"2":1,"4":1,"9":1,"14":1},"branchMap":{"0":{"type":"branch","line":5,"loc":{"start":{"line":5,"column":12},"end":{"line":5,"column":77}},"locations":[{"start":{"line":5,"column":12},"end":{"line":5,"column":77}}]},"1":{"type":"branch","line":5,"loc":{"start":{"line":5,"column":28},"end":{"line":5,"column":59}},"locations":[{"start":{"line":5,"column":28},"end":{"line":5,"column":59}}]},"2":{"type":"branch","line":5,"loc":{"start":{"line":5,"column":54},"end":{"line":5,"column":77}},"locations":[{"start":{"line":5,"column":54},"end":{"line":5,"column":77}}]},"3":{"type":"branch","line":10,"loc":{"start":{"line":10,"column":22},"end":{"line":10,"column":53}},"locations":[{"start":{"line":10,"column":22},"end":{"line":10,"column":53}}]},"4":{"type":"branch","line":10,"loc":{"start":{"line":10,"column":37},"end":{"line":10,"column":53}},"locations":[{"start":{"line":10,"column":37},"end":{"line":10,"column":53}}]},"5":{"type":"branch","line":15,"loc":{"start":{"line":15,"column":24},"end":{"line":15,"column":55}},"locations":[{"start":{"line":15,"column":24},"end":{"line":15,"column":55}}]},"6":{"type":"branch","line":15,"loc":{"start":{"line":15,"column":39},"end":{"line":15,"column":55}},"locations":[{"start":{"line":15,"column":39},"end":{"line":15,"column":55}}]}},"b":{"0":[112],"1":[68],"2":[44],"3":[112],"4":[44],"5":[112],"6":[44]},"fnMap":{"0":{"name":"__vite_ssr_import_0__.default.button.color.color","decl":{"start":{"line":5,"column":12},"end":{"line":5,"column":77}},"loc":{"start":{"line":5,"column":12},"end":{"line":5,"column":77}},"line":5},"1":{"name":"__vite_ssr_import_0__.default.button.color.color","decl":{"start":{"line":10,"column":22},"end":{"line":10,"column":53}},"loc":{"start":{"line":10,"column":22},"end":{"line":10,"column":53}},"line":10}},"f":{"0":112,"1":112}}
,"C:\\Users\\adriana.p\\source\\repos\\nps-frontend-adriana\\src\\presentation\\components\\elements\\Input\\Input.tsx": {"path":"C:\\Users\\adriana.p\\source\\repos\\nps-frontend-adriana\\src\\presentation\\components\\elements\\Input\\Input.tsx","all":false,"statementMap":{"0":{"start":{"line":1,"column":0},"end":{"line":1,"column":34}},"3":{"start":{"line":4,"column":0},"end":{"line":4,"column":23}},"4":{"start":{"line":5,"column":0},"end":{"line":5,"column":5}},"5":{"start":{"line":6,"column":0},"end":{"line":6,"column":7}},"6":{"start":{"line":7,"column":0},"end":{"line":7,"column":7}},"7":{"start":{"line":8,"column":0},"end":{"line":8,"column":18}},"8":{"start":{"line":9,"column":0},"end":{"line":9,"column":8}},"9":{"start":{"line":10,"column":0},"end":{"line":10,"column":8}},"10":{"start":{"line":11,"column":0},"end":{"line":11,"column":10}},"11":{"start":{"line":12,"column":0},"end":{"line":12,"column":10}},"12":{"start":{"line":13,"column":0},"end":{"line":13,"column":11}},"13":{"start":{"line":14,"column":0},"end":{"line":14,"column":11}},"14":{"start":{"line":15,"column":0},"end":{"line":15,"column":11}},"15":{"start":{"line":16,"column":0},"end":{"line":16,"column":12}},"16":{"start":{"line":17,"column":0},"end":{"line":17,"column":14}},"17":{"start":{"line":18,"column":0},"end":{"line":18,"column":15}},"18":{"start":{"line":19,"column":0},"end":{"line":19,"column":33}},"19":{"start":{"line":20,"column":0},"end":{"line":20,"column":10}},"20":{"start":{"line":21,"column":0},"end":{"line":21,"column":31}},"21":{"start":{"line":22,"column":0},"end":{"line":22,"column":19}},"22":{"start":{"line":23,"column":0},"end":{"line":23,"column":15}},"23":{"start":{"line":24,"column":0},"end":{"line":24,"column":19}},"24":{"start":{"line":25,"column":0},"end":{"line":25,"column":19}},"25":{"start":{"line":26,"column":0},"end":{"line":26,"column":19}},"26":{"start":{"line":27,"column":0},"end":{"line":27,"column":21}},"27":{"start":{"line":28,"column":0},"end":{"line":28,"column":25}},"28":{"start":{"line":29,"column":0},"end":{"line":29,"column":25}},"29":{"start":{"line":30,"column":0},"end":{"line":30,"column":27}},"30":{"start":{"line":31,"column":0},"end":{"line":31,"column":27}},"31":{"start":{"line":32,"column":0},"end":{"line":32,"column":27}},"32":{"start":{"line":33,"column":0},"end":{"line":33,"column":29}},"33":{"start":{"line":34,"column":0},"end":{"line":34,"column":33}},"34":{"start":{"line":35,"column":0},"end":{"line":35,"column":35}},"35":{"start":{"line":36,"column":0},"end":{"line":36,"column":8}},"36":{"start":{"line":37,"column":0},"end":{"line":37,"column":52}},"37":{"start":{"line":38,"column":0},"end":{"line":38,"column":19}},"39":{"start":{"line":40,"column":0},"end":{"line":40,"column":1}}},"s":{"0":1,"3":1,"4":15,"5":15,"6":15,"7":15,"8":15,"9":15,"10":15,"11":15,"12":15,"13":15,"14":15,"15":15,"16":15,"17":15,"18":15,"19":15,"20":15,"21":15,"22":15,"23":15,"24":15,"25":15,"26":15,"27":15,"28":15,"29":15,"30":15,"31":15,"32":15,"33":15,"34":15,"35":15,"36":15,"37":15,"39":15},"branchMap":{"0":{"type":"branch","line":4,"loc":{"start":{"line":4,"column":7},"end":{"line":40,"column":1}},"locations":[{"start":{"line":4,"column":7},"end":{"line":40,"column":1}}]}},"b":{"0":[15]},"fnMap":{"0":{"name":"Input","decl":{"start":{"line":4,"column":7},"end":{"line":40,"column":1}},"loc":{"start":{"line":4,"column":7},"end":{"line":40,"column":1}},"line":4}},"f":{"0":15}}
,"C:\\Users\\adriana.p\\source\\repos\\nps-frontend-adriana\\src\\presentation\\components\\elements\\Input\\index.tsx": {"path":"C:\\Users\\adriana.p\\source\\repos\\nps-frontend-adriana\\src\\presentation\\components\\elements\\Input\\index.tsx","all":false,"statementMap":{"0":{"start":{"line":1,"column":0},"end":{"line":1,"column":32}}},"s":{"0":1},"branchMap":{},"b":{},"fnMap":{},"f":{}}
,"C:\\Users\\adriana.p\\source\\repos\\nps-frontend-adriana\\src\\presentation\\components\\elements\\Input\\styles.ts": {"path":"C:\\Users\\adriana.p\\source\\repos\\nps-frontend-adriana\\src\\presentation\\components\\elements\\Input\\styles.ts","all":false,"statementMap":{"0":{"start":{"line":1,"column":0},"end":{"line":1,"column":39}},"2":{"start":{"line":3,"column":0},"end":{"line":3,"column":39}},"17":{"start":{"line":18,"column":0},"end":{"line":18,"column":39}},"20":{"start":{"line":21,"column":0},"end":{"line":21,"column":55}},"21":{"start":{"line":22,"column":0},"end":{"line":22,"column":20}},"22":{"start":{"line":23,"column":0},"end":{"line":23,"column":52}},"36":{"start":{"line":37,"column":0},"end":{"line":37,"column":5}}},"s":{"0":1,"2":1,"17":1,"20":1,"21":1,"22":15,"36":1},"branchMap":{"0":{"type":"branch","line":22,"loc":{"start":{"line":22,"column":6},"end":{"line":23,"column":52}},"locations":[{"start":{"line":22,"column":6},"end":{"line":23,"column":52}}]}},"b":{"0":[15]},"fnMap":{},"f":{}}
,"C:\\Users\\adriana.p\\source\\repos\\nps-frontend-adriana\\src\\presentation\\components\\elements\\Logo\\Logo.tsx": {"path":"C:\\Users\\adriana.p\\source\\repos\\nps-frontend-adriana\\src\\presentation\\components\\elements\\Logo\\Logo.tsx","all":true,"statementMap":{"0":{"start":{"line":1,"column":0},"end":{"line":1,"column":26}},"3":{"start":{"line":4,"column":0},"end":{"line":4,"column":37}},"4":{"start":{"line":5,"column":0},"end":{"line":5,"column":10}},"5":{"start":{"line":6,"column":0},"end":{"line":6,"column":9}},"6":{"start":{"line":7,"column":0},"end":{"line":7,"column":35}},"7":{"start":{"line":8,"column":0},"end":{"line":8,"column":10}},"9":{"start":{"line":10,"column":0},"end":{"line":10,"column":2}}},"s":{"0":0,"3":0,"4":0,"5":0,"6":0,"7":0,"9":0},"branchMap":{"0":{"type":"branch","line":1,"loc":{"start":{"line":1,"column":220},"end":{"line":10,"column":2}},"locations":[{"start":{"line":1,"column":220},"end":{"line":10,"column":2}}]}},"b":{"0":[0]},"fnMap":{"0":{"name":"(empty-report)","decl":{"start":{"line":1,"column":220},"end":{"line":10,"column":2}},"loc":{"start":{"line":1,"column":220},"end":{"line":10,"column":2}},"line":1}},"f":{"0":0}}
,"C:\\Users\\adriana.p\\source\\repos\\nps-frontend-adriana\\src\\presentation\\components\\elements\\Logo\\index.tsx": {"path":"C:\\Users\\adriana.p\\source\\repos\\nps-frontend-adriana\\src\\presentation\\components\\elements\\Logo\\index.tsx","all":true,"statementMap":{"0":{"start":{"line":1,"column":0},"end":{"line":1,"column":30}}},"s":{"0":0},"branchMap":{"0":{"type":"branch","line":1,"loc":{"start":{"line":1,"column":0},"end":{"line":3,"column":-4}},"locations":[{"start":{"line":1,"column":0},"end":{"line":3,"column":-4}}]}},"b":{"0":[0]},"fnMap":{"0":{"name":"(empty-report)","decl":{"start":{"line":1,"column":0},"end":{"line":3,"column":-4}},"loc":{"start":{"line":1,"column":0},"end":{"line":3,"column":-4}},"line":1}},"f":{"0":0}}
,"C:\\Users\\adriana.p\\source\\repos\\nps-frontend-adriana\\src\\presentation\\components\\elements\\Textarea\\Textarea.tsx": {"path":"C:\\Users\\adriana.p\\source\\repos\\nps-frontend-adriana\\src\\presentation\\components\\elements\\Textarea\\Textarea.tsx","all":false,"statementMap":{"0":{"start":{"line":1,"column":0},"end":{"line":1,"column":26}},"12":{"start":{"line":13,"column":0},"end":{"line":13,"column":51}},"13":{"start":{"line":14,"column":0},"end":{"line":14,"column":33}},"14":{"start":{"line":15,"column":0},"end":{"line":15,"column":8}},"15":{"start":{"line":16,"column":0},"end":{"line":16,"column":11}},"16":{"start":{"line":17,"column":0},"end":{"line":17,"column":8}},"17":{"start":{"line":18,"column":0},"end":{"line":18,"column":11}},"18":{"start":{"line":19,"column":0},"end":{"line":19,"column":19}},"19":{"start":{"line":20,"column":0},"end":{"line":20,"column":7}},"20":{"start":{"line":21,"column":0},"end":{"line":21,"column":10}},"21":{"start":{"line":22,"column":0},"end":{"line":22,"column":20}},"22":{"start":{"line":23,"column":0},"end":{"line":23,"column":31}},"23":{"start":{"line":24,"column":0},"end":{"line":24,"column":19}},"24":{"start":{"line":25,"column":0},"end":{"line":25,"column":25}},"25":{"start":{"line":26,"column":0},"end":{"line":26,"column":19}},"26":{"start":{"line":27,"column":0},"end":{"line":27,"column":17}},"27":{"start":{"line":28,"column":0},"end":{"line":28,"column":25}},"28":{"start":{"line":29,"column":0},"end":{"line":29,"column":6}},"30":{"start":{"line":31,"column":0},"end":{"line":31,"column":2}}},"s":{"0":1,"12":1,"13":16,"14":16,"15":16,"16":16,"17":16,"18":16,"19":16,"20":16,"21":16,"22":16,"23":16,"24":16,"25":16,"26":16,"27":16,"28":16,"30":16},"branchMap":{"0":{"type":"branch","line":13,"loc":{"start":{"line":13,"column":49},"end":{"line":31,"column":2}},"locations":[{"start":{"line":13,"column":49},"end":{"line":31,"column":2}}]}},"b":{"0":[16]},"fnMap":{"0":{"name":"Textarea","decl":{"start":{"line":13,"column":49},"end":{"line":31,"column":2}},"loc":{"start":{"line":13,"column":49},"end":{"line":31,"column":2}},"line":13}},"f":{"0":16}}
,"C:\\Users\\adriana.p\\source\\repos\\nps-frontend-adriana\\src\\presentation\\components\\elements\\Textarea\\index.tsx": {"path":"C:\\Users\\adriana.p\\source\\repos\\nps-frontend-adriana\\src\\presentation\\components\\elements\\Textarea\\index.tsx","all":false,"statementMap":{"0":{"start":{"line":1,"column":0},"end":{"line":1,"column":38}}},"s":{"0":1},"branchMap":{},"b":{},"fnMap":{},"f":{}}
,"C:\\Users\\adriana.p\\source\\repos\\nps-frontend-adriana\\src\\presentation\\components\\elements\\Textarea\\styles.ts": {"path":"C:\\Users\\adriana.p\\source\\repos\\nps-frontend-adriana\\src\\presentation\\components\\elements\\Textarea\\styles.ts","all":false,"statementMap":{"0":{"start":{"line":1,"column":0},"end":{"line":1,"column":39}},"2":{"start":{"line":3,"column":0},"end":{"line":3,"column":65}},"3":{"start":{"line":4,"column":0},"end":{"line":4,"column":43}}},"s":{"0":1,"2":1,"3":1},"branchMap":{"0":{"type":"branch","line":4,"loc":{"start":{"line":4,"column":11},"end":{"line":4,"column":41}},"locations":[{"start":{"line":4,"column":11},"end":{"line":4,"column":41}}]},"1":{"type":"branch","line":4,"loc":{"start":{"line":4,"column":26},"end":{"line":4,"column":41}},"locations":[{"start":{"line":4,"column":26},"end":{"line":4,"column":41}}]}},"b":{"0":[16],"1":[0]},"fnMap":{},"f":{}}
,"C:\\Users\\adriana.p\\source\\repos\\nps-frontend-adriana\\src\\presentation\\components\\features\\AppBar\\AppBar.tsx": {"path":"C:\\Users\\adriana.p\\source\\repos\\nps-frontend-adriana\\src\\presentation\\components\\features\\AppBar\\AppBar.tsx","all":false,"statementMap":{"0":{"start":{"line":1,"column":0},"end":{"line":1,"column":69}},"3":{"start":{"line":4,"column":0},"end":{"line":4,"column":26}},"4":{"start":{"line":5,"column":0},"end":{"line":5,"column":10}},"5":{"start":{"line":6,"column":0},"end":{"line":6,"column":23}},"6":{"start":{"line":7,"column":0},"end":{"line":7,"column":16}},"7":{"start":{"line":8,"column":0},"end":{"line":8,"column":53}},"8":{"start":{"line":9,"column":0},"end":{"line":9,"column":8}},"9":{"start":{"line":10,"column":0},"end":{"line":10,"column":24}},"11":{"start":{"line":12,"column":0},"end":{"line":12,"column":1}}},"s":{"0":1,"3":1,"4":53,"5":53,"6":53,"7":53,"8":53,"9":53,"11":53},"branchMap":{"0":{"type":"branch","line":4,"loc":{"start":{"line":4,"column":7},"end":{"line":12,"column":1}},"locations":[{"start":{"line":4,"column":7},"end":{"line":12,"column":1}}]}},"b":{"0":[53]},"fnMap":{"0":{"name":"AppBar","decl":{"start":{"line":4,"column":7},"end":{"line":12,"column":1}},"loc":{"start":{"line":4,"column":7},"end":{"line":12,"column":1}},"line":4}},"f":{"0":53}}
,"C:\\Users\\adriana.p\\source\\repos\\nps-frontend-adriana\\src\\presentation\\components\\features\\AppBar\\index.tsx": {"path":"C:\\Users\\adriana.p\\source\\repos\\nps-frontend-adriana\\src\\presentation\\components\\features\\AppBar\\index.tsx","all":false,"statementMap":{"0":{"start":{"line":1,"column":0},"end":{"line":1,"column":34}}},"s":{"0":1},"branchMap":{},"b":{},"fnMap":{},"f":{}}
,"C:\\Users\\adriana.p\\source\\repos\\nps-frontend-adriana\\src\\presentation\\components\\features\\AppBar\\styles.ts": {"path":"C:\\Users\\adriana.p\\source\\repos\\nps-frontend-adriana\\src\\presentation\\components\\features\\AppBar\\styles.ts","all":false,"statementMap":{"0":{"start":{"line":1,"column":0},"end":{"line":1,"column":39}},"2":{"start":{"line":3,"column":0},"end":{"line":3,"column":42}},"14":{"start":{"line":15,"column":0},"end":{"line":15,"column":54}},"23":{"start":{"line":24,"column":0},"end":{"line":24,"column":55}}},"s":{"0":1,"2":1,"14":1,"23":1},"branchMap":{"0":{"type":"branch","line":24,"loc":{"start":{"line":24,"column":28},"end":{"line":24,"column":48}},"locations":[{"start":{"line":24,"column":28},"end":{"line":24,"column":48}}]}},"b":{"0":[53]},"fnMap":{},"f":{}}
,"C:\\Users\\adriana.p\\source\\repos\\nps-frontend-adriana\\src\\presentation\\components\\features\\ButtonGroup\\ButtonGroup.test.tsx": {"path":"C:\\Users\\adriana.p\\source\\repos\\nps-frontend-adriana\\src\\presentation\\components\\features\\ButtonGroup\\ButtonGroup.test.tsx","all":false,"statementMap":{"0":{"start":{"line":1,"column":0},"end":{"line":1,"column":67}},"1":{"start":{"line":2,"column":0},"end":{"line":2,"column":44}},"2":{"start":{"line":3,"column":0},"end":{"line":3,"column":50}},"3":{"start":{"line":4,"column":0},"end":{"line":4,"column":32}},"5":{"start":{"line":6,"column":0},"end":{"line":6,"column":31}},"6":{"start":{"line":7,"column":0},"end":{"line":7,"column":52}},"7":{"start":{"line":8,"column":0},"end":{"line":8,"column":29}},"8":{"start":{"line":9,"column":0},"end":{"line":9,"column":48}},"10":{"start":{"line":11,"column":0},"end":{"line":11,"column":50}},"11":{"start":{"line":12,"column":0},"end":{"line":12,"column":36}},"12":{"start":{"line":13,"column":0},"end":{"line":13,"column":5}},"14":{"start":{"line":15,"column":0},"end":{"line":15,"column":87}},"15":{"start":{"line":16,"column":0},"end":{"line":16,"column":29}},"16":{"start":{"line":17,"column":0},"end":{"line":17,"column":48}},"18":{"start":{"line":19,"column":0},"end":{"line":19,"column":56}},"19":{"start":{"line":20,"column":0},"end":{"line":20,"column":28}},"21":{"start":{"line":22,"column":0},"end":{"line":22,"column":45}},"22":{"start":{"line":23,"column":0},"end":{"line":23,"column":5}},"24":{"start":{"line":25,"column":0},"end":{"line":25,"column":43}},"25":{"start":{"line":26,"column":0},"end":{"line":26,"column":29}},"26":{"start":{"line":27,"column":0},"end":{"line":27,"column":48}},"29":{"start":{"line":30,"column":0},"end":{"line":30,"column":54}},"30":{"start":{"line":31,"column":0},"end":{"line":31,"column":28}},"33":{"start":{"line":34,"column":0},"end":{"line":34,"column":45}},"36":{"start":{"line":37,"column":0},"end":{"line":37,"column":59}},"37":{"start":{"line":38,"column":0},"end":{"line":38,"column":5}},"39":{"start":{"line":40,"column":0},"end":{"line":40,"column":52}},"40":{"start":{"line":41,"column":0},"end":{"line":41,"column":29}},"41":{"start":{"line":42,"column":0},"end":{"line":42,"column":48}},"44":{"start":{"line":45,"column":0},"end":{"line":45,"column":59}},"45":{"start":{"line":46,"column":0},"end":{"line":46,"column":33}},"46":{"start":{"line":47,"column":0},"end":{"line":47,"column":45}},"47":{"start":{"line":48,"column":0},"end":{"line":48,"column":64}},"50":{"start":{"line":51,"column":0},"end":{"line":51,"column":50}},"51":{"start":{"line":52,"column":0},"end":{"line":52,"column":34}},"52":{"start":{"line":53,"column":0},"end":{"line":53,"column":45}},"53":{"start":{"line":54,"column":0},"end":{"line":54,"column":65}},"54":{"start":{"line":55,"column":0},"end":{"line":55,"column":65}},"55":{"start":{"line":56,"column":0},"end":{"line":56,"column":5}},"57":{"start":{"line":58,"column":0},"end":{"line":58,"column":54}},"58":{"start":{"line":59,"column":0},"end":{"line":59,"column":29}},"59":{"start":{"line":60,"column":0},"end":{"line":60,"column":48}},"61":{"start":{"line":62,"column":0},"end":{"line":62,"column":67}},"62":{"start":{"line":63,"column":0},"end":{"line":63,"column":74}},"63":{"start":{"line":64,"column":0},"end":{"line":64,"column":69}},"64":{"start":{"line":65,"column":0},"end":{"line":65,"column":75}},"65":{"start":{"line":66,"column":0},"end":{"line":66,"column":57}},"66":{"start":{"line":67,"column":0},"end":{"line":67,"column":59}},"67":{"start":{"line":68,"column":0},"end":{"line":68,"column":5}},"69":{"start":{"line":70,"column":0},"end":{"line":70,"column":3}}},"s":{"0":1,"1":1,"2":1,"3":1,"5":1,"6":1,"7":1,"8":1,"10":1,"11":1,"12":1,"14":1,"15":1,"16":1,"18":1,"19":1,"21":1,"22":1,"24":1,"25":1,"26":1,"29":1,"30":1,"33":1,"36":1,"37":1,"39":1,"40":1,"41":1,"44":1,"45":1,"46":1,"47":1,"50":1,"51":1,"52":1,"53":1,"54":1,"55":1,"57":1,"58":1,"59":1,"61":1,"62":1,"63":1,"64":1,"65":1,"66":1,"67":1,"69":1},"branchMap":{"0":{"type":"branch","line":6,"loc":{"start":{"line":6,"column":24},"end":{"line":70,"column":3}},"locations":[{"start":{"line":6,"column":24},"end":{"line":70,"column":3}}]},"1":{"type":"branch","line":7,"loc":{"start":{"line":7,"column":45},"end":{"line":13,"column":3}},"locations":[{"start":{"line":7,"column":45},"end":{"line":13,"column":3}}]},"2":{"type":"branch","line":15,"loc":{"start":{"line":15,"column":80},"end":{"line":23,"column":3}},"locations":[{"start":{"line":15,"column":80},"end":{"line":23,"column":3}}]},"3":{"type":"branch","line":25,"loc":{"start":{"line":25,"column":36},"end":{"line":38,"column":3}},"locations":[{"start":{"line":25,"column":36},"end":{"line":38,"column":3}}]},"4":{"type":"branch","line":40,"loc":{"start":{"line":40,"column":45},"end":{"line":56,"column":3}},"locations":[{"start":{"line":40,"column":45},"end":{"line":56,"column":3}}]},"5":{"type":"branch","line":58,"loc":{"start":{"line":58,"column":47},"end":{"line":68,"column":3}},"locations":[{"start":{"line":58,"column":47},"end":{"line":68,"column":3}}]}},"b":{"0":[1],"1":[1],"2":[1],"3":[1],"4":[1],"5":[1]},"fnMap":{},"f":{}}
,"C:\\Users\\adriana.p\\source\\repos\\nps-frontend-adriana\\src\\presentation\\components\\features\\ButtonGroup\\ButtonGroup.tsx": {"path":"C:\\Users\\adriana.p\\source\\repos\\nps-frontend-adriana\\src\\presentation\\components\\features\\ButtonGroup\\ButtonGroup.tsx","all":false,"statementMap":{"0":{"start":{"line":1,"column":0},"end":{"line":1,"column":33}},"4":{"start":{"line":5,"column":0},"end":{"line":5,"column":25}},"5":{"start":{"line":6,"column":0},"end":{"line":6,"column":42}},"6":{"start":{"line":7,"column":0},"end":{"line":7,"column":49}},"7":{"start":{"line":8,"column":0},"end":{"line":8,"column":44}},"8":{"start":{"line":9,"column":0},"end":{"line":9,"column":50}},"9":{"start":{"line":10,"column":0},"end":{"line":10,"column":32}},"10":{"start":{"line":11,"column":0},"end":{"line":11,"column":43}},"11":{"start":{"line":12,"column":0},"end":{"line":12,"column":4}},"17":{"start":{"line":18,"column":0},"end":{"line":18,"column":64}},"18":{"start":{"line":19,"column":0},"end":{"line":19,"column":76}},"20":{"start":{"line":21,"column":0},"end":{"line":21,"column":51}},"21":{"start":{"line":22,"column":0},"end":{"line":22,"column":34}},"22":{"start":{"line":23,"column":0},"end":{"line":23,"column":76}},"23":{"start":{"line":24,"column":0},"end":{"line":24,"column":6}},"25":{"start":{"line":26,"column":0},"end":{"line":26,"column":12}},"26":{"start":{"line":27,"column":0},"end":{"line":27,"column":27}},"27":{"start":{"line":28,"column":0},"end":{"line":28,"column":34}},"28":{"start":{"line":29,"column":0},"end":{"line":29,"column":19}},"29":{"start":{"line":30,"column":0},"end":{"line":30,"column":30}},"30":{"start":{"line":31,"column":0},"end":{"line":31,"column":56}},"31":{"start":{"line":32,"column":0},"end":{"line":32,"column":57}},"32":{"start":{"line":33,"column":0},"end":{"line":33,"column":54}},"34":{"start":{"line":35,"column":0},"end":{"line":35,"column":26}},"35":{"start":{"line":36,"column":0},"end":{"line":36,"column":21}},"36":{"start":{"line":37,"column":0},"end":{"line":37,"column":11}},"37":{"start":{"line":38,"column":0},"end":{"line":38,"column":26}},"39":{"start":{"line":40,"column":0},"end":{"line":40,"column":2}}},"s":{"0":1,"4":1,"5":1,"6":1,"7":1,"8":1,"9":1,"10":1,"11":1,"17":1,"18":9,"20":9,"21":4,"22":4,"23":4,"25":9,"26":9,"27":9,"28":54,"29":54,"30":54,"31":54,"32":54,"34":54,"35":54,"36":9,"37":9,"39":9},"branchMap":{"0":{"type":"branch","line":18,"loc":{"start":{"line":18,"column":27},"end":{"line":40,"column":2}},"locations":[{"start":{"line":18,"column":27},"end":{"line":40,"column":2}}]},"1":{"type":"branch","line":21,"loc":{"start":{"line":21,"column":25},"end":{"line":24,"column":6}},"locations":[{"start":{"line":21,"column":25},"end":{"line":24,"column":6}}]},"2":{"type":"branch","line":28,"loc":{"start":{"line":28,"column":21},"end":{"line":36,"column":21}},"locations":[{"start":{"line":28,"column":21},"end":{"line":36,"column":21}}]},"3":{"type":"branch","line":33,"loc":{"start":{"line":33,"column":21},"end":{"line":33,"column":54}},"locations":[{"start":{"line":33,"column":21},"end":{"line":33,"column":54}}]}},"b":{"0":[9],"1":[4],"2":[54],"3":[4]},"fnMap":{"0":{"name":"ButtonGroup","decl":{"start":{"line":18,"column":27},"end":{"line":40,"column":2}},"loc":{"start":{"line":18,"column":27},"end":{"line":40,"column":2}},"line":18},"1":{"name":"handleSelect","decl":{"start":{"line":21,"column":25},"end":{"line":24,"column":6}},"loc":{"start":{"line":21,"column":25},"end":{"line":24,"column":6}},"line":21},"2":{"name":"onClick","decl":{"start":{"line":33,"column":21},"end":{"line":33,"column":54}},"loc":{"start":{"line":33,"column":21},"end":{"line":33,"column":54}},"line":33}},"f":{"0":9,"1":4,"2":4}}
,"C:\\Users\\adriana.p\\source\\repos\\nps-frontend-adriana\\src\\presentation\\components\\features\\ButtonGroup\\index.tsx": {"path":"C:\\Users\\adriana.p\\source\\repos\\nps-frontend-adriana\\src\\presentation\\components\\features\\ButtonGroup\\index.tsx","all":true,"statementMap":{"0":{"start":{"line":1,"column":0},"end":{"line":1,"column":44}}},"s":{"0":0},"branchMap":{"0":{"type":"branch","line":1,"loc":{"start":{"line":1,"column":0},"end":{"line":3,"column":-4}},"locations":[{"start":{"line":1,"column":0},"end":{"line":3,"column":-4}}]}},"b":{"0":[0]},"fnMap":{"0":{"name":"(empty-report)","decl":{"start":{"line":1,"column":0},"end":{"line":3,"column":-4}},"loc":{"start":{"line":1,"column":0},"end":{"line":3,"column":-4}},"line":1}},"f":{"0":0}}
,"C:\\Users\\adriana.p\\source\\repos\\nps-frontend-adriana\\src\\presentation\\components\\features\\ButtonGroup\\styles.ts": {"path":"C:\\Users\\adriana.p\\source\\repos\\nps-frontend-adriana\\src\\presentation\\components\\features\\ButtonGroup\\styles.ts","all":false,"statementMap":{"0":{"start":{"line":1,"column":0},"end":{"line":1,"column":39}},"6":{"start":{"line":7,"column":0},"end":{"line":7,"column":42}},"13":{"start":{"line":14,"column":0},"end":{"line":14,"column":49}},"21":{"start":{"line":22,"column":0},"end":{"line":22,"column":79}},"28":{"start":{"line":29,"column":0},"end":{"line":29,"column":84}}},"s":{"0":1,"6":1,"13":1,"21":1,"28":1},"branchMap":{"0":{"type":"branch","line":22,"loc":{"start":{"line":22,"column":22},"end":{"line":22,"column":77}},"locations":[{"start":{"line":22,"column":22},"end":{"line":22,"column":77}}]},"1":{"type":"branch","line":22,"loc":{"start":{"line":22,"column":44},"end":{"line":22,"column":70}},"locations":[{"start":{"line":22,"column":44},"end":{"line":22,"column":70}}]},"2":{"type":"branch","line":22,"loc":{"start":{"line":22,"column":58},"end":{"line":22,"column":77}},"locations":[{"start":{"line":22,"column":58},"end":{"line":22,"column":77}}]},"3":{"type":"branch","line":29,"loc":{"start":{"line":29,"column":24},"end":{"line":29,"column":82}},"locations":[{"start":{"line":29,"column":24},"end":{"line":29,"column":82}}]},"4":{"type":"branch","line":29,"loc":{"start":{"line":29,"column":46},"end":{"line":29,"column":72}},"locations":[{"start":{"line":29,"column":46},"end":{"line":29,"column":72}}]},"5":{"type":"branch","line":29,"loc":{"start":{"line":29,"column":60},"end":{"line":29,"column":82}},"locations":[{"start":{"line":29,"column":60},"end":{"line":29,"column":82}}]}},"b":{"0":[54],"1":[4],"2":[50],"3":[54],"4":[4],"5":[50]},"fnMap":{"0":{"name":"__vite_ssr_import_0__.default.button.$isSelected.$isSelected","decl":{"start":{"line":22,"column":22},"end":{"line":22,"column":77}},"loc":{"start":{"line":22,"column":22},"end":{"line":22,"column":77}},"line":22}},"f":{"0":54}}
,"C:\\Users\\adriana.p\\source\\repos\\nps-frontend-adriana\\src\\presentation\\components\\features\\ModalSwitcher\\ModalSwitcher.test.tsx": {"path":"C:\\Users\\adriana.p\\source\\repos\\nps-frontend-adriana\\src\\presentation\\components\\features\\ModalSwitcher\\ModalSwitcher.test.tsx","all":false,"statementMap":{"0":{"start":{"line":1,"column":0},"end":{"line":1,"column":50}},"41":{"start":{"line":42,"column":0},"end":{"line":42,"column":44}},"42":{"start":{"line":43,"column":0},"end":{"line":43,"column":53}},"43":{"start":{"line":44,"column":0},"end":{"line":44,"column":30}},"45":{"start":{"line":46,"column":0},"end":{"line":46,"column":68}},"46":{"start":{"line":47,"column":0},"end":{"line":47,"column":5}},"48":{"start":{"line":49,"column":0},"end":{"line":49,"column":61}},"49":{"start":{"line":50,"column":0},"end":{"line":50,"column":30}},"52":{"start":{"line":53,"column":0},"end":{"line":53,"column":59}},"53":{"start":{"line":54,"column":0},"end":{"line":54,"column":33}},"56":{"start":{"line":57,"column":0},"end":{"line":57,"column":64}},"59":{"start":{"line":60,"column":0},"end":{"line":60,"column":68}},"60":{"start":{"line":61,"column":0},"end":{"line":61,"column":5}},"62":{"start":{"line":63,"column":0},"end":{"line":63,"column":73}},"63":{"start":{"line":64,"column":0},"end":{"line":64,"column":30}},"66":{"start":{"line":67,"column":0},"end":{"line":67,"column":59}},"67":{"start":{"line":68,"column":0},"end":{"line":68,"column":33}},"70":{"start":{"line":71,"column":0},"end":{"line":71,"column":62}},"71":{"start":{"line":72,"column":0},"end":{"line":72,"column":36}},"74":{"start":{"line":75,"column":0},"end":{"line":75,"column":69}},"77":{"start":{"line":78,"column":0},"end":{"line":78,"column":68}},"78":{"start":{"line":79,"column":0},"end":{"line":79,"column":60}},"79":{"start":{"line":80,"column":0},"end":{"line":80,"column":5}},"81":{"start":{"line":82,"column":0},"end":{"line":82,"column":60}},"82":{"start":{"line":83,"column":0},"end":{"line":83,"column":30}},"85":{"start":{"line":86,"column":0},"end":{"line":86,"column":59}},"86":{"start":{"line":87,"column":0},"end":{"line":87,"column":33}},"89":{"start":{"line":90,"column":0},"end":{"line":90,"column":52}},"90":{"start":{"line":91,"column":0},"end":{"line":91,"column":34}},"93":{"start":{"line":94,"column":0},"end":{"line":94,"column":68}},"94":{"start":{"line":95,"column":0},"end":{"line":95,"column":5}},"96":{"start":{"line":97,"column":0},"end":{"line":97,"column":65}},"97":{"start":{"line":98,"column":0},"end":{"line":98,"column":30}},"100":{"start":{"line":101,"column":0},"end":{"line":101,"column":59}},"101":{"start":{"line":102,"column":0},"end":{"line":102,"column":33}},"104":{"start":{"line":105,"column":0},"end":{"line":105,"column":62}},"105":{"start":{"line":106,"column":0},"end":{"line":106,"column":36}},"108":{"start":{"line":109,"column":0},"end":{"line":109,"column":52}},"109":{"start":{"line":110,"column":0},"end":{"line":110,"column":34}},"112":{"start":{"line":113,"column":0},"end":{"line":113,"column":68}},"113":{"start":{"line":114,"column":0},"end":{"line":114,"column":5}},"115":{"start":{"line":116,"column":0},"end":{"line":116,"column":66}},"116":{"start":{"line":117,"column":0},"end":{"line":117,"column":30}},"119":{"start":{"line":120,"column":0},"end":{"line":120,"column":59}},"120":{"start":{"line":121,"column":0},"end":{"line":121,"column":33}},"123":{"start":{"line":124,"column":0},"end":{"line":124,"column":62}},"124":{"start":{"line":125,"column":0},"end":{"line":125,"column":36}},"127":{"start":{"line":128,"column":0},"end":{"line":128,"column":70}},"128":{"start":{"line":129,"column":0},"end":{"line":129,"column":40}},"131":{"start":{"line":132,"column":0},"end":{"line":132,"column":55}},"132":{"start":{"line":133,"column":0},"end":{"line":133,"column":34}},"135":{"start":{"line":136,"column":0},"end":{"line":136,"column":68}},"136":{"start":{"line":137,"column":0},"end":{"line":137,"column":5}},"137":{"start":{"line":138,"column":0},"end":{"line":138,"column":3}}},"s":{"0":1,"41":1,"42":1,"43":1,"45":1,"46":1,"48":1,"49":1,"52":1,"53":1,"56":1,"59":1,"60":1,"62":1,"63":1,"66":1,"67":1,"70":1,"71":1,"74":1,"77":1,"78":1,"79":1,"81":1,"82":1,"85":1,"86":1,"89":1,"90":1,"93":1,"94":1,"96":1,"97":1,"100":1,"101":1,"104":1,"105":1,"108":1,"109":1,"112":1,"113":1,"115":1,"116":1,"119":1,"120":1,"123":1,"124":1,"127":1,"128":1,"131":1,"132":1,"135":1,"136":1,"137":1},"branchMap":{"0":{"type":"branch","line":42,"loc":{"start":{"line":42,"column":37},"end":{"line":138,"column":3}},"locations":[{"start":{"line":42,"column":37},"end":{"line":138,"column":3}}]},"1":{"type":"branch","line":43,"loc":{"start":{"line":43,"column":46},"end":{"line":47,"column":3}},"locations":[{"start":{"line":43,"column":46},"end":{"line":47,"column":3}}]},"2":{"type":"branch","line":49,"loc":{"start":{"line":49,"column":54},"end":{"line":61,"column":3}},"locations":[{"start":{"line":49,"column":54},"end":{"line":61,"column":3}}]},"3":{"type":"branch","line":63,"loc":{"start":{"line":63,"column":66},"end":{"line":80,"column":3}},"locations":[{"start":{"line":63,"column":66},"end":{"line":80,"column":3}}]},"4":{"type":"branch","line":82,"loc":{"start":{"line":82,"column":53},"end":{"line":95,"column":3}},"locations":[{"start":{"line":82,"column":53},"end":{"line":95,"column":3}}]},"5":{"type":"branch","line":97,"loc":{"start":{"line":97,"column":58},"end":{"line":114,"column":3}},"locations":[{"start":{"line":97,"column":58},"end":{"line":114,"column":3}}]},"6":{"type":"branch","line":116,"loc":{"start":{"line":116,"column":59},"end":{"line":137,"column":3}},"locations":[{"start":{"line":116,"column":59},"end":{"line":137,"column":3}}]}},"b":{"0":[1],"1":[1],"2":[1],"3":[1],"4":[1],"5":[1],"6":[1]},"fnMap":{},"f":{}}
,"C:\\Users\\adriana.p\\source\\repos\\nps-frontend-adriana\\src\\presentation\\components\\features\\ModalSwitcher\\ModalSwitcher.tsx": {"path":"C:\\Users\\adriana.p\\source\\repos\\nps-frontend-adriana\\src\\presentation\\components\\features\\ModalSwitcher\\ModalSwitcher.tsx","all":false,"statementMap":{"0":{"start":{"line":1,"column":0},"end":{"line":1,"column":33}},"5":{"start":{"line":6,"column":0},"end":{"line":6,"column":36}},"6":{"start":{"line":7,"column":0},"end":{"line":7,"column":84}},"7":{"start":{"line":8,"column":0},"end":{"line":8,"column":49}},"8":{"start":{"line":9,"column":0},"end":{"line":9,"column":58}},"9":{"start":{"line":10,"column":0},"end":{"line":10,"column":76}},"11":{"start":{"line":12,"column":0},"end":{"line":12,"column":46}},"12":{"start":{"line":13,"column":0},"end":{"line":13,"column":24}},"13":{"start":{"line":14,"column":0},"end":{"line":14,"column":41}},"14":{"start":{"line":15,"column":0},"end":{"line":15,"column":4}},"16":{"start":{"line":17,"column":0},"end":{"line":17,"column":51}},"17":{"start":{"line":18,"column":0},"end":{"line":18,"column":23}},"18":{"start":{"line":19,"column":0},"end":{"line":19,"column":46}},"19":{"start":{"line":20,"column":0},"end":{"line":20,"column":4}},"21":{"start":{"line":22,"column":0},"end":{"line":22,"column":38}},"22":{"start":{"line":23,"column":0},"end":{"line":23,"column":71}},"23":{"start":{"line":24,"column":0},"end":{"line":24,"column":20}},"24":{"start":{"line":25,"column":0},"end":{"line":25,"column":19}},"25":{"start":{"line":26,"column":0},"end":{"line":26,"column":28}},"26":{"start":{"line":27,"column":0},"end":{"line":27,"column":4}},"28":{"start":{"line":29,"column":0},"end":{"line":29,"column":30}},"29":{"start":{"line":30,"column":0},"end":{"line":30,"column":46}},"30":{"start":{"line":31,"column":0},"end":{"line":31,"column":20}},"31":{"start":{"line":32,"column":0},"end":{"line":32,"column":19}},"32":{"start":{"line":33,"column":0},"end":{"line":33,"column":4}},"34":{"start":{"line":35,"column":0},"end":{"line":35,"column":17}},"35":{"start":{"line":36,"column":0},"end":{"line":36,"column":11}},"36":{"start":{"line":37,"column":0},"end":{"line":37,"column":52}},"37":{"start":{"line":38,"column":0},"end":{"line":38,"column":11}},"38":{"start":{"line":39,"column":0},"end":{"line":39,"column":14}},"39":{"start":{"line":40,"column":0},"end":{"line":40,"column":17}},"40":{"start":{"line":41,"column":0},"end":{"line":41,"column":87}},"41":{"start":{"line":42,"column":0},"end":{"line":42,"column":43}},"42":{"start":{"line":43,"column":0},"end":{"line":43,"column":23}},"43":{"start":{"line":44,"column":0},"end":{"line":44,"column":8}},"45":{"start":{"line":46,"column":0},"end":{"line":46,"column":17}},"46":{"start":{"line":47,"column":0},"end":{"line":47,"column":28}},"47":{"start":{"line":48,"column":0},"end":{"line":48,"column":39}},"48":{"start":{"line":49,"column":0},"end":{"line":49,"column":31}},"49":{"start":{"line":50,"column":0},"end":{"line":50,"column":21}},"50":{"start":{"line":51,"column":0},"end":{"line":51,"column":65}},"51":{"start":{"line":52,"column":0},"end":{"line":52,"column":39}},"52":{"start":{"line":53,"column":0},"end":{"line":53,"column":86}},"53":{"start":{"line":54,"column":0},"end":{"line":54,"column":9}},"54":{"start":{"line":55,"column":0},"end":{"line":55,"column":12}},"55":{"start":{"line":56,"column":0},"end":{"line":56,"column":18}},"56":{"start":{"line":57,"column":0},"end":{"line":57,"column":3}},"57":{"start":{"line":58,"column":0},"end":{"line":58,"column":2}}},"s":{"0":1,"5":1,"6":18,"7":18,"8":18,"9":18,"11":18,"12":5,"13":5,"14":5,"16":18,"17":3,"18":3,"19":3,"21":18,"22":1,"23":1,"24":1,"25":1,"26":1,"28":18,"29":2,"30":2,"31":2,"32":2,"34":18,"35":18,"36":9,"37":18,"38":5,"39":5,"40":5,"41":5,"42":5,"43":5,"45":18,"46":4,"47":4,"48":4,"49":4,"50":4,"51":4,"52":4,"53":4,"54":18,"55":0,"56":18,"57":18},"branchMap":{"0":{"type":"branch","line":6,"loc":{"start":{"line":6,"column":29},"end":{"line":58,"column":2}},"locations":[{"start":{"line":6,"column":29},"end":{"line":58,"column":2}}]},"1":{"type":"branch","line":36,"loc":{"start":{"line":36,"column":4},"end":{"line":37,"column":52}},"locations":[{"start":{"line":36,"column":4},"end":{"line":37,"column":52}}]},"2":{"type":"branch","line":38,"loc":{"start":{"line":38,"column":4},"end":{"line":44,"column":8}},"locations":[{"start":{"line":38,"column":4},"end":{"line":44,"column":8}}]},"3":{"type":"branch","line":46,"loc":{"start":{"line":46,"column":4},"end":{"line":54,"column":9}},"locations":[{"start":{"line":46,"column":4},"end":{"line":54,"column":9}}]},"4":{"type":"branch","line":51,"loc":{"start":{"line":51,"column":15},"end":{"line":51,"column":65}},"locations":[{"start":{"line":51,"column":15},"end":{"line":51,"column":65}}]},"5":{"type":"branch","line":55,"loc":{"start":{"line":55,"column":4},"end":{"line":56,"column":18}},"locations":[{"start":{"line":55,"column":4},"end":{"line":56,"column":18}}]},"6":{"type":"branch","line":12,"loc":{"start":{"line":12,"column":22},"end":{"line":15,"column":4}},"locations":[{"start":{"line":12,"column":22},"end":{"line":15,"column":4}}]},"7":{"type":"branch","line":17,"loc":{"start":{"line":17,"column":28},"end":{"line":20,"column":4}},"locations":[{"start":{"line":17,"column":28},"end":{"line":20,"column":4}}]},"8":{"type":"branch","line":22,"loc":{"start":{"line":22,"column":31},"end":{"line":27,"column":4}},"locations":[{"start":{"line":22,"column":31},"end":{"line":27,"column":4}}]},"9":{"type":"branch","line":29,"loc":{"start":{"line":29,"column":23},"end":{"line":33,"column":4}},"locations":[{"start":{"line":29,"column":23},"end":{"line":33,"column":4}}]}},"b":{"0":[18],"1":[9],"2":[5],"3":[4],"4":[0],"5":[0],"6":[5],"7":[3],"8":[1],"9":[2]},"fnMap":{"0":{"name":"ModalSwitcher","decl":{"start":{"line":6,"column":29},"end":{"line":58,"column":2}},"loc":{"start":{"line":6,"column":29},"end":{"line":58,"column":2}},"line":6},"1":{"name":"handleStart","decl":{"start":{"line":12,"column":22},"end":{"line":15,"column":4}},"loc":{"start":{"line":12,"column":22},"end":{"line":15,"column":4}},"line":12},"2":{"name":"handleScoreSubmit","decl":{"start":{"line":17,"column":28},"end":{"line":20,"column":4}},"loc":{"start":{"line":17,"column":28},"end":{"line":20,"column":4}},"line":17},"3":{"name":"handleFeedbackFinish","decl":{"start":{"line":22,"column":31},"end":{"line":27,"column":4}},"loc":{"start":{"line":22,"column":31},"end":{"line":27,"column":4}},"line":22},"4":{"name":"handleReturn","decl":{"start":{"line":29,"column":23},"end":{"line":33,"column":4}},"loc":{"start":{"line":29,"column":23},"end":{"line":33,"column":4}},"line":29}},"f":{"0":18,"1":5,"2":3,"3":1,"4":2}}
,"C:\\Users\\adriana.p\\source\\repos\\nps-frontend-adriana\\src\\presentation\\components\\features\\ModalSwitcher\\index.tsx": {"path":"C:\\Users\\adriana.p\\source\\repos\\nps-frontend-adriana\\src\\presentation\\components\\features\\ModalSwitcher\\index.tsx","all":true,"statementMap":{"0":{"start":{"line":1,"column":0},"end":{"line":1,"column":48}}},"s":{"0":0},"branchMap":{"0":{"type":"branch","line":1,"loc":{"start":{"line":1,"column":0},"end":{"line":3,"column":-4}},"locations":[{"start":{"line":1,"column":0},"end":{"line":3,"column":-4}}]}},"b":{"0":[0]},"fnMap":{"0":{"name":"(empty-report)","decl":{"start":{"line":1,"column":0},"end":{"line":3,"column":-4}},"loc":{"start":{"line":1,"column":0},"end":{"line":3,"column":-4}},"line":1}},"f":{"0":0}}
,"C:\\Users\\adriana.p\\source\\repos\\nps-frontend-adriana\\src\\presentation\\components\\features\\RatingScale\\RatingScale.tsx": {"path":"C:\\Users\\adriana.p\\source\\repos\\nps-frontend-adriana\\src\\presentation\\components\\features\\RatingScale\\RatingScale.tsx","all":false,"statementMap":{"0":{"start":{"line":1,"column":0},"end":{"line":1,"column":26}},"8":{"start":{"line":9,"column":0},"end":{"line":9,"column":99}},"9":{"start":{"line":10,"column":0},"end":{"line":10,"column":10}},"10":{"start":{"line":11,"column":0},"end":{"line":11,"column":22}},"11":{"start":{"line":12,"column":0},"end":{"line":12,"column":37}},"12":{"start":{"line":13,"column":0},"end":{"line":13,"column":23}},"13":{"start":{"line":14,"column":0},"end":{"line":14,"column":17}},"14":{"start":{"line":15,"column":0},"end":{"line":15,"column":19}},"15":{"start":{"line":16,"column":0},"end":{"line":16,"column":33}},"16":{"start":{"line":17,"column":0},"end":{"line":17,"column":36}},"17":{"start":{"line":18,"column":0},"end":{"line":18,"column":37}},"19":{"start":{"line":20,"column":0},"end":{"line":20,"column":13}},"20":{"start":{"line":21,"column":0},"end":{"line":21,"column":25}},"21":{"start":{"line":22,"column":0},"end":{"line":22,"column":9}},"22":{"start":{"line":23,"column":0},"end":{"line":23,"column":23}},"24":{"start":{"line":25,"column":0},"end":{"line":25,"column":2}}},"s":{"0":1,"8":1,"9":3,"10":3,"11":3,"12":33,"13":33,"14":33,"15":33,"16":33,"17":33,"19":33,"20":33,"21":3,"22":3,"24":3},"branchMap":{"0":{"type":"branch","line":9,"loc":{"start":{"line":9,"column":55},"end":{"line":25,"column":2}},"locations":[{"start":{"line":9,"column":55},"end":{"line":25,"column":2}}]},"1":{"type":"branch","line":12,"loc":{"start":{"line":12,"column":26},"end":{"line":21,"column":25}},"locations":[{"start":{"line":12,"column":26},"end":{"line":21,"column":25}}]},"2":{"type":"branch","line":18,"loc":{"start":{"line":18,"column":19},"end":{"line":18,"column":37}},"locations":[{"start":{"line":18,"column":19},"end":{"line":18,"column":37}}]}},"b":{"0":[3],"1":[33],"2":[1]},"fnMap":{"0":{"name":"RatingScale","decl":{"start":{"line":9,"column":55},"end":{"line":25,"column":2}},"loc":{"start":{"line":9,"column":55},"end":{"line":25,"column":2}},"line":9},"1":{"name":"onClick","decl":{"start":{"line":18,"column":19},"end":{"line":18,"column":37}},"loc":{"start":{"line":18,"column":19},"end":{"line":18,"column":37}},"line":18}},"f":{"0":3,"1":1}}
,"C:\\Users\\adriana.p\\source\\repos\\nps-frontend-adriana\\src\\presentation\\components\\features\\RatingScale\\RatingState.test.tsx": {"path":"C:\\Users\\adriana.p\\source\\repos\\nps-frontend-adriana\\src\\presentation\\components\\features\\RatingScale\\RatingState.test.tsx","all":false,"statementMap":{"0":{"start":{"line":1,"column":0},"end":{"line":1,"column":67}},"1":{"start":{"line":2,"column":0},"end":{"line":2,"column":44}},"2":{"start":{"line":3,"column":0},"end":{"line":3,"column":50}},"3":{"start":{"line":4,"column":0},"end":{"line":4,"column":32}},"5":{"start":{"line":6,"column":0},"end":{"line":6,"column":31}},"6":{"start":{"line":7,"column":0},"end":{"line":7,"column":52}},"7":{"start":{"line":8,"column":0},"end":{"line":8,"column":29}},"8":{"start":{"line":9,"column":0},"end":{"line":9,"column":58}},"11":{"start":{"line":12,"column":0},"end":{"line":12,"column":56}},"12":{"start":{"line":13,"column":0},"end":{"line":13,"column":43}},"15":{"start":{"line":16,"column":0},"end":{"line":16,"column":49}},"16":{"start":{"line":17,"column":0},"end":{"line":17,"column":67}},"17":{"start":{"line":18,"column":0},"end":{"line":18,"column":5}},"19":{"start":{"line":20,"column":0},"end":{"line":20,"column":82}},"20":{"start":{"line":21,"column":0},"end":{"line":21,"column":29}},"21":{"start":{"line":22,"column":0},"end":{"line":22,"column":58}},"24":{"start":{"line":25,"column":0},"end":{"line":25,"column":47}},"25":{"start":{"line":26,"column":0},"end":{"line":26,"column":34}},"28":{"start":{"line":29,"column":0},"end":{"line":29,"column":45}},"29":{"start":{"line":30,"column":0},"end":{"line":30,"column":5}},"31":{"start":{"line":32,"column":0},"end":{"line":32,"column":43}},"32":{"start":{"line":33,"column":0},"end":{"line":33,"column":29}},"33":{"start":{"line":34,"column":0},"end":{"line":34,"column":61}},"36":{"start":{"line":37,"column":0},"end":{"line":37,"column":56}},"37":{"start":{"line":38,"column":0},"end":{"line":38,"column":39}},"38":{"start":{"line":39,"column":0},"end":{"line":39,"column":62}},"39":{"start":{"line":40,"column":0},"end":{"line":40,"column":7}},"40":{"start":{"line":41,"column":0},"end":{"line":41,"column":5}},"41":{"start":{"line":42,"column":0},"end":{"line":42,"column":3}}},"s":{"0":1,"1":1,"2":1,"3":1,"5":1,"6":1,"7":1,"8":1,"11":1,"12":1,"15":1,"16":1,"17":1,"19":1,"20":1,"21":1,"24":1,"25":1,"28":1,"29":1,"31":1,"32":1,"33":1,"36":1,"37":1,"38":11,"39":1,"40":1,"41":1},"branchMap":{"0":{"type":"branch","line":6,"loc":{"start":{"line":6,"column":24},"end":{"line":42,"column":3}},"locations":[{"start":{"line":6,"column":24},"end":{"line":42,"column":3}}]},"1":{"type":"branch","line":7,"loc":{"start":{"line":7,"column":45},"end":{"line":18,"column":3}},"locations":[{"start":{"line":7,"column":45},"end":{"line":18,"column":3}}]},"2":{"type":"branch","line":20,"loc":{"start":{"line":20,"column":75},"end":{"line":30,"column":3}},"locations":[{"start":{"line":20,"column":75},"end":{"line":30,"column":3}}]},"3":{"type":"branch","line":32,"loc":{"start":{"line":32,"column":36},"end":{"line":41,"column":3}},"locations":[{"start":{"line":32,"column":36},"end":{"line":41,"column":3}}]},"4":{"type":"branch","line":38,"loc":{"start":{"line":38,"column":26},"end":{"line":40,"column":5}},"locations":[{"start":{"line":38,"column":26},"end":{"line":40,"column":5}}]}},"b":{"0":[1],"1":[1],"2":[1],"3":[1],"4":[11]},"fnMap":{},"f":{}}
,"C:\\Users\\adriana.p\\source\\repos\\nps-frontend-adriana\\src\\presentation\\components\\features\\RatingScale\\index.tsx": {"path":"C:\\Users\\adriana.p\\source\\repos\\nps-frontend-adriana\\src\\presentation\\components\\features\\RatingScale\\index.tsx","all":true,"statementMap":{"0":{"start":{"line":1,"column":0},"end":{"line":1,"column":44}}},"s":{"0":0},"branchMap":{"0":{"type":"branch","line":1,"loc":{"start":{"line":1,"column":0},"end":{"line":3,"column":-4}},"locations":[{"start":{"line":1,"column":0},"end":{"line":3,"column":-4}}]}},"b":{"0":[0]},"fnMap":{"0":{"name":"(empty-report)","decl":{"start":{"line":1,"column":0},"end":{"line":3,"column":-4}},"loc":{"start":{"line":1,"column":0},"end":{"line":3,"column":-4}},"line":1}},"f":{"0":0}}
,"C:\\Users\\adriana.p\\source\\repos\\nps-frontend-adriana\\src\\presentation\\components\\features\\RatingScale\\styles.ts": {"path":"C:\\Users\\adriana.p\\source\\repos\\nps-frontend-adriana\\src\\presentation\\components\\features\\RatingScale\\styles.ts","all":false,"statementMap":{"0":{"start":{"line":1,"column":0},"end":{"line":1,"column":39}},"7":{"start":{"line":8,"column":0},"end":{"line":8,"column":41}},"13":{"start":{"line":14,"column":0},"end":{"line":14,"column":55}},"22":{"start":{"line":23,"column":0},"end":{"line":23,"column":48}},"23":{"start":{"line":24,"column":0},"end":{"line":24,"column":16}},"24":{"start":{"line":25,"column":0},"end":{"line":25,"column":68}},"25":{"start":{"line":26,"column":0},"end":{"line":26,"column":16}},"26":{"start":{"line":27,"column":0},"end":{"line":27,"column":62}},"30":{"start":{"line":31,"column":0},"end":{"line":31,"column":39}},"31":{"start":{"line":32,"column":0},"end":{"line":32,"column":67}},"37":{"start":{"line":38,"column":0},"end":{"line":38,"column":72}}},"s":{"0":1,"7":1,"13":1,"22":1,"23":33,"24":2,"25":1,"26":1,"30":1,"31":1,"37":1},"branchMap":{"0":{"type":"branch","line":23,"loc":{"start":{"line":23,"column":22},"end":{"line":26,"column":14}},"locations":[{"start":{"line":23,"column":22},"end":{"line":26,"column":14}}]},"1":{"type":"branch","line":24,"loc":{"start":{"line":24,"column":4},"end":{"line":25,"column":68}},"locations":[{"start":{"line":24,"column":4},"end":{"line":25,"column":68}}]},"2":{"type":"branch","line":25,"loc":{"start":{"line":25,"column":16},"end":{"line":25,"column":32}},"locations":[{"start":{"line":25,"column":16},"end":{"line":25,"column":32}}]},"3":{"type":"branch","line":25,"loc":{"start":{"line":25,"column":41},"end":{"line":25,"column":57}},"locations":[{"start":{"line":25,"column":41},"end":{"line":25,"column":57}}]},"4":{"type":"branch","line":25,"loc":{"start":{"line":25,"column":57},"end":{"line":26,"column":14}},"locations":[{"start":{"line":25,"column":57},"end":{"line":26,"column":14}}]},"5":{"type":"branch","line":27,"loc":{"start":{"line":27,"column":11},"end":{"line":27,"column":60}},"locations":[{"start":{"line":27,"column":11},"end":{"line":27,"column":60}}]},"6":{"type":"branch","line":27,"loc":{"start":{"line":27,"column":31},"end":{"line":27,"column":52}},"locations":[{"start":{"line":27,"column":31},"end":{"line":27,"column":52}}]},"7":{"type":"branch","line":27,"loc":{"start":{"line":27,"column":43},"end":{"line":27,"column":60}},"locations":[{"start":{"line":27,"column":43},"end":{"line":27,"column":60}}]},"8":{"type":"branch","line":31,"loc":{"start":{"line":31,"column":24},"end":{"line":32,"column":65}},"locations":[{"start":{"line":31,"column":24},"end":{"line":32,"column":65}}]},"9":{"type":"branch","line":32,"loc":{"start":{"line":32,"column":15},"end":{"line":32,"column":31}},"locations":[{"start":{"line":32,"column":15},"end":{"line":32,"column":31}}]},"10":{"type":"branch","line":32,"loc":{"start":{"line":32,"column":19},"end":{"line":32,"column":65}},"locations":[{"start":{"line":32,"column":19},"end":{"line":32,"column":65}}]},"11":{"type":"branch","line":32,"loc":{"start":{"line":32,"column":40},"end":{"line":32,"column":56}},"locations":[{"start":{"line":32,"column":40},"end":{"line":32,"column":56}}]},"12":{"type":"branch","line":32,"loc":{"start":{"line":32,"column":44},"end":{"line":32,"column":65}},"locations":[{"start":{"line":32,"column":44},"end":{"line":32,"column":65}}]},"13":{"type":"branch","line":38,"loc":{"start":{"line":38,"column":12},"end":{"line":38,"column":70}},"locations":[{"start":{"line":38,"column":12},"end":{"line":38,"column":70}}]},"14":{"type":"branch","line":38,"loc":{"start":{"line":38,"column":32},"end":{"line":38,"column":53}},"locations":[{"start":{"line":38,"column":32},"end":{"line":38,"column":53}}]},"15":{"type":"branch","line":38,"loc":{"start":{"line":38,"column":44},"end":{"line":38,"column":70}},"locations":[{"start":{"line":38,"column":44},"end":{"line":38,"column":70}}]}},"b":{"0":[33],"1":[2],"2":[0],"3":[0],"4":[31],"5":[33],"6":[2],"7":[31],"8":[33],"9":[6],"10":[27],"11":[6],"12":[21],"13":[33],"14":[2],"15":[31]},"fnMap":{"0":{"name":"__vite_ssr_import_0__.default.button.$selected.$selected","decl":{"start":{"line":23,"column":22},"end":{"line":26,"column":14}},"loc":{"start":{"line":23,"column":22},"end":{"line":26,"column":14}},"line":23},"1":{"name":"__vite_ssr_import_0__.default.button.score.score","decl":{"start":{"line":27,"column":11},"end":{"line":27,"column":60}},"loc":{"start":{"line":27,"column":11},"end":{"line":27,"column":60}},"line":27},"2":{"name":"__vite_ssr_import_0__.default.button.$selected.$selected","decl":{"start":{"line":31,"column":24},"end":{"line":32,"column":65}},"loc":{"start":{"line":31,"column":24},"end":{"line":32,"column":65}},"line":31}},"f":{"0":33,"1":33,"2":33}}
,"C:\\Users\\adriana.p\\source\\repos\\nps-frontend-adriana\\src\\presentation\\components\\modules\\FeedbackModal\\FeedbackModal.test.tsx": {"path":"C:\\Users\\adriana.p\\source\\repos\\nps-frontend-adriana\\src\\presentation\\components\\modules\\FeedbackModal\\FeedbackModal.test.tsx","all":false,"statementMap":{"0":{"start":{"line":1,"column":0},"end":{"line":1,"column":61}},"32":{"start":{"line":33,"column":0},"end":{"line":33,"column":33}},"33":{"start":{"line":34,"column":0},"end":{"line":34,"column":21}},"34":{"start":{"line":35,"column":0},"end":{"line":35,"column":22}},"35":{"start":{"line":36,"column":0},"end":{"line":36,"column":22}},"36":{"start":{"line":37,"column":0},"end":{"line":37,"column":22}},"37":{"start":{"line":38,"column":0},"end":{"line":38,"column":13}},"38":{"start":{"line":39,"column":0},"end":{"line":39,"column":42}},"39":{"start":{"line":40,"column":0},"end":{"line":40,"column":27}},"40":{"start":{"line":41,"column":0},"end":{"line":41,"column":3}},"42":{"start":{"line":43,"column":0},"end":{"line":43,"column":20}},"43":{"start":{"line":44,"column":0},"end":{"line":44,"column":22}},"45":{"start":{"line":46,"column":0},"end":{"line":46,"column":57}},"46":{"start":{"line":47,"column":0},"end":{"line":47,"column":4}},"48":{"start":{"line":49,"column":0},"end":{"line":49,"column":54}},"49":{"start":{"line":50,"column":0},"end":{"line":50,"column":47}},"50":{"start":{"line":51,"column":0},"end":{"line":51,"column":3}},"52":{"start":{"line":53,"column":0},"end":{"line":53,"column":42}},"53":{"start":{"line":54,"column":0},"end":{"line":54,"column":53}},"54":{"start":{"line":55,"column":0},"end":{"line":55,"column":27}},"56":{"start":{"line":57,"column":0},"end":{"line":57,"column":80}},"57":{"start":{"line":58,"column":0},"end":{"line":58,"column":91}},"58":{"start":{"line":59,"column":0},"end":{"line":59,"column":81}},"59":{"start":{"line":60,"column":0},"end":{"line":60,"column":95}},"60":{"start":{"line":61,"column":0},"end":{"line":61,"column":6}},"62":{"start":{"line":63,"column":0},"end":{"line":63,"column":66}},"64":{"start":{"line":65,"column":0},"end":{"line":65,"column":27}},"65":{"start":{"line":66,"column":0},"end":{"line":66,"column":74}},"68":{"start":{"line":69,"column":0},"end":{"line":69,"column":53}},"69":{"start":{"line":70,"column":0},"end":{"line":70,"column":68}},"70":{"start":{"line":71,"column":0},"end":{"line":71,"column":6}},"71":{"start":{"line":72,"column":0},"end":{"line":72,"column":4}},"73":{"start":{"line":74,"column":0},"end":{"line":74,"column":43}},"74":{"start":{"line":75,"column":0},"end":{"line":75,"column":77}},"75":{"start":{"line":76,"column":0},"end":{"line":76,"column":27}},"77":{"start":{"line":78,"column":0},"end":{"line":78,"column":84}},"78":{"start":{"line":79,"column":0},"end":{"line":79,"column":73}},"80":{"start":{"line":81,"column":0},"end":{"line":81,"column":52}},"81":{"start":{"line":82,"column":0},"end":{"line":82,"column":6}},"83":{"start":{"line":84,"column":0},"end":{"line":84,"column":60}},"84":{"start":{"line":85,"column":0},"end":{"line":85,"column":27}},"86":{"start":{"line":87,"column":0},"end":{"line":87,"column":82}},"87":{"start":{"line":88,"column":0},"end":{"line":88,"column":33}},"89":{"start":{"line":90,"column":0},"end":{"line":90,"column":51}},"90":{"start":{"line":91,"column":0},"end":{"line":91,"column":6}},"92":{"start":{"line":93,"column":0},"end":{"line":93,"column":75}},"93":{"start":{"line":94,"column":0},"end":{"line":94,"column":53}},"95":{"start":{"line":96,"column":0},"end":{"line":96,"column":64}},"96":{"start":{"line":97,"column":0},"end":{"line":97,"column":35}},"98":{"start":{"line":99,"column":0},"end":{"line":99,"column":62}},"99":{"start":{"line":100,"column":0},"end":{"line":100,"column":6}},"100":{"start":{"line":101,"column":0},"end":{"line":101,"column":4}},"102":{"start":{"line":103,"column":0},"end":{"line":103,"column":39}},"103":{"start":{"line":104,"column":0},"end":{"line":104,"column":56}},"104":{"start":{"line":105,"column":0},"end":{"line":105,"column":27}},"107":{"start":{"line":108,"column":0},"end":{"line":108,"column":84}},"108":{"start":{"line":109,"column":0},"end":{"line":109,"column":73}},"111":{"start":{"line":112,"column":0},"end":{"line":112,"column":72}},"112":{"start":{"line":113,"column":0},"end":{"line":113,"column":33}},"114":{"start":{"line":115,"column":0},"end":{"line":115,"column":27}},"115":{"start":{"line":116,"column":0},"end":{"line":116,"column":48}},"116":{"start":{"line":117,"column":0},"end":{"line":117,"column":43}},"117":{"start":{"line":118,"column":0},"end":{"line":118,"column":11}},"118":{"start":{"line":119,"column":0},"end":{"line":119,"column":36}},"119":{"start":{"line":120,"column":0},"end":{"line":120,"column":35}},"120":{"start":{"line":121,"column":0},"end":{"line":121,"column":42}},"121":{"start":{"line":122,"column":0},"end":{"line":122,"column":30}},"122":{"start":{"line":123,"column":0},"end":{"line":123,"column":11}},"123":{"start":{"line":124,"column":0},"end":{"line":124,"column":9}},"124":{"start":{"line":125,"column":0},"end":{"line":125,"column":8}},"126":{"start":{"line":127,"column":0},"end":{"line":127,"column":77}},"127":{"start":{"line":128,"column":0},"end":{"line":128,"column":51}},"128":{"start":{"line":129,"column":0},"end":{"line":129,"column":6}},"130":{"start":{"line":131,"column":0},"end":{"line":131,"column":52}},"131":{"start":{"line":132,"column":0},"end":{"line":132,"column":77}},"132":{"start":{"line":133,"column":0},"end":{"line":133,"column":27}},"134":{"start":{"line":135,"column":0},"end":{"line":135,"column":72}},"135":{"start":{"line":136,"column":0},"end":{"line":136,"column":33}},"137":{"start":{"line":138,"column":0},"end":{"line":138,"column":27}},"138":{"start":{"line":139,"column":0},"end":{"line":139,"column":73}},"139":{"start":{"line":140,"column":0},"end":{"line":140,"column":8}},"141":{"start":{"line":142,"column":0},"end":{"line":142,"column":55}},"142":{"start":{"line":143,"column":0},"end":{"line":143,"column":6}},"144":{"start":{"line":145,"column":0},"end":{"line":145,"column":66}},"145":{"start":{"line":146,"column":0},"end":{"line":146,"column":62}},"147":{"start":{"line":148,"column":0},"end":{"line":148,"column":72}},"148":{"start":{"line":149,"column":0},"end":{"line":149,"column":33}},"150":{"start":{"line":151,"column":0},"end":{"line":151,"column":27}},"151":{"start":{"line":152,"column":0},"end":{"line":152,"column":48}},"152":{"start":{"line":153,"column":0},"end":{"line":153,"column":43}},"153":{"start":{"line":154,"column":0},"end":{"line":154,"column":35}},"154":{"start":{"line":155,"column":0},"end":{"line":155,"column":29}},"155":{"start":{"line":156,"column":0},"end":{"line":156,"column":12}},"156":{"start":{"line":157,"column":0},"end":{"line":157,"column":9}},"157":{"start":{"line":158,"column":0},"end":{"line":158,"column":8}},"158":{"start":{"line":159,"column":0},"end":{"line":159,"column":6}},"159":{"start":{"line":160,"column":0},"end":{"line":160,"column":4}},"161":{"start":{"line":162,"column":0},"end":{"line":162,"column":41}},"162":{"start":{"line":163,"column":0},"end":{"line":163,"column":55}},"163":{"start":{"line":164,"column":0},"end":{"line":164,"column":37}},"165":{"start":{"line":166,"column":0},"end":{"line":166,"column":31}},"166":{"start":{"line":167,"column":0},"end":{"line":167,"column":74}},"167":{"start":{"line":168,"column":0},"end":{"line":168,"column":64}},"169":{"start":{"line":170,"column":0},"end":{"line":170,"column":24}},"170":{"start":{"line":171,"column":0},"end":{"line":171,"column":49}},"171":{"start":{"line":172,"column":0},"end":{"line":172,"column":16}},"172":{"start":{"line":173,"column":0},"end":{"line":173,"column":53}},"173":{"start":{"line":174,"column":0},"end":{"line":174,"column":9}},"175":{"start":{"line":176,"column":0},"end":{"line":176,"column":17}},"176":{"start":{"line":177,"column":0},"end":{"line":177,"column":8}},"177":{"start":{"line":178,"column":0},"end":{"line":178,"column":6}},"178":{"start":{"line":179,"column":0},"end":{"line":179,"column":4}},"179":{"start":{"line":180,"column":0},"end":{"line":180,"column":2}}},"s":{"0":1,"32":1,"33":1,"34":1,"35":1,"36":1,"37":1,"38":1,"39":1,"40":1,"42":1,"43":9,"45":9,"46":1,"48":1,"49":14,"50":14,"52":1,"53":1,"54":1,"56":1,"57":1,"58":1,"59":1,"60":1,"62":1,"64":1,"65":1,"68":1,"69":1,"70":1,"71":1,"73":1,"74":1,"75":1,"77":1,"78":1,"80":1,"81":1,"83":1,"84":1,"86":1,"87":1,"89":1,"90":1,"92":1,"93":1,"95":1,"96":1,"98":1,"99":1,"100":1,"102":1,"103":1,"104":1,"107":1,"108":1,"111":1,"112":1,"114":1,"115":1,"116":1,"117":1,"118":1,"119":1,"120":1,"121":1,"122":1,"123":1,"124":1,"126":1,"127":1,"128":1,"130":1,"131":1,"132":1,"134":1,"135":1,"137":1,"138":2,"139":1,"141":1,"142":1,"144":1,"145":1,"147":1,"148":1,"150":1,"151":1,"152":1,"153":1,"154":1,"155":1,"156":1,"157":1,"158":1,"159":1,"161":1,"162":1,"163":1,"165":1,"166":5,"167":5,"169":5,"170":2,"171":5,"172":3,"173":3,"175":5,"176":1,"177":1,"178":1,"179":1},"branchMap":{"0":{"type":"branch","line":33,"loc":{"start":{"line":33,"column":26},"end":{"line":180,"column":2}},"locations":[{"start":{"line":33,"column":26},"end":{"line":180,"column":2}}]},"1":{"type":"branch","line":43,"loc":{"start":{"line":43,"column":13},"end":{"line":47,"column":3}},"locations":[{"start":{"line":43,"column":13},"end":{"line":47,"column":3}}]},"2":{"type":"branch","line":49,"loc":{"start":{"line":49,"column":30},"end":{"line":51,"column":3}},"locations":[{"start":{"line":49,"column":30},"end":{"line":51,"column":3}}]},"3":{"type":"branch","line":53,"loc":{"start":{"line":53,"column":35},"end":{"line":72,"column":3}},"locations":[{"start":{"line":53,"column":35},"end":{"line":72,"column":3}}]},"4":{"type":"branch","line":54,"loc":{"start":{"line":54,"column":46},"end":{"line":61,"column":5}},"locations":[{"start":{"line":54,"column":46},"end":{"line":61,"column":5}}]},"5":{"type":"branch","line":63,"loc":{"start":{"line":63,"column":59},"end":{"line":71,"column":5}},"locations":[{"start":{"line":63,"column":59},"end":{"line":71,"column":5}}]},"6":{"type":"branch","line":74,"loc":{"start":{"line":74,"column":36},"end":{"line":101,"column":3}},"locations":[{"start":{"line":74,"column":36},"end":{"line":101,"column":3}}]},"7":{"type":"branch","line":75,"loc":{"start":{"line":75,"column":70},"end":{"line":82,"column":5}},"locations":[{"start":{"line":75,"column":70},"end":{"line":82,"column":5}}]},"8":{"type":"branch","line":84,"loc":{"start":{"line":84,"column":53},"end":{"line":91,"column":5}},"locations":[{"start":{"line":84,"column":53},"end":{"line":91,"column":5}}]},"9":{"type":"branch","line":93,"loc":{"start":{"line":93,"column":68},"end":{"line":100,"column":5}},"locations":[{"start":{"line":93,"column":68},"end":{"line":100,"column":5}}]},"10":{"type":"branch","line":103,"loc":{"start":{"line":103,"column":32},"end":{"line":160,"column":3}},"locations":[{"start":{"line":103,"column":32},"end":{"line":160,"column":3}}]},"11":{"type":"branch","line":104,"loc":{"start":{"line":104,"column":43},"end":{"line":129,"column":5}},"locations":[{"start":{"line":104,"column":43},"end":{"line":129,"column":5}}]},"12":{"type":"branch","line":115,"loc":{"start":{"line":115,"column":20},"end":{"line":125,"column":7}},"locations":[{"start":{"line":115,"column":20},"end":{"line":125,"column":7}}]},"13":{"type":"branch","line":131,"loc":{"start":{"line":131,"column":39},"end":{"line":143,"column":5}},"locations":[{"start":{"line":131,"column":39},"end":{"line":143,"column":5}}]},"14":{"type":"branch","line":138,"loc":{"start":{"line":138,"column":20},"end":{"line":140,"column":7}},"locations":[{"start":{"line":138,"column":20},"end":{"line":140,"column":7}}]},"15":{"type":"branch","line":145,"loc":{"start":{"line":145,"column":53},"end":{"line":159,"column":5}},"locations":[{"start":{"line":145,"column":53},"end":{"line":159,"column":5}}]},"16":{"type":"branch","line":151,"loc":{"start":{"line":151,"column":20},"end":{"line":158,"column":7}},"locations":[{"start":{"line":151,"column":20},"end":{"line":158,"column":7}}]},"17":{"type":"branch","line":162,"loc":{"start":{"line":162,"column":34},"end":{"line":179,"column":3}},"locations":[{"start":{"line":162,"column":34},"end":{"line":179,"column":3}}]},"18":{"type":"branch","line":163,"loc":{"start":{"line":163,"column":48},"end":{"line":178,"column":5}},"locations":[{"start":{"line":163,"column":48},"end":{"line":178,"column":5}}]},"19":{"type":"branch","line":166,"loc":{"start":{"line":166,"column":21},"end":{"line":177,"column":7}},"locations":[{"start":{"line":166,"column":21},"end":{"line":177,"column":7}}]},"20":{"type":"branch","line":170,"loc":{"start":{"line":170,"column":23},"end":{"line":172,"column":15}},"locations":[{"start":{"line":170,"column":23},"end":{"line":172,"column":15}}]},"21":{"type":"branch","line":172,"loc":{"start":{"line":172,"column":8},"end":{"line":174,"column":9}},"locations":[{"start":{"line":172,"column":8},"end":{"line":174,"column":9}}]}},"b":{"0":[1],"1":[9],"2"
[...]
,"column":0},"end":{"line":66,"column":72}},"66":{"start":{"line":67,"column":0},"end":{"line":67,"column":78}},"67":{"start":{"line":68,"column":0},"end":{"line":68,"column":22}},"69":{"start":{"line":70,"column":0},"end":{"line":70,"column":74}},"70":{"start":{"line":71,"column":0},"end":{"line":71,"column":6}},"71":{"start":{"line":72,"column":0},"end":{"line":72,"column":4}},"73":{"start":{"line":74,"column":0},"end":{"line":74,"column":44}},"74":{"start":{"line":75,"column":0},"end":{"line":75,"column":70}},"75":{"start":{"line":76,"column":0},"end":{"line":76,"column":22}},"77":{"start":{"line":78,"column":0},"end":{"line":78,"column":27}},"78":{"start":{"line":79,"column":0},"end":{"line":79,"column":66}},"79":{"start":{"line":80,"column":0},"end":{"line":80,"column":8}},"81":{"start":{"line":82,"column":0},"end":{"line":82,"column":80}},"82":{"start":{"line":83,"column":0},"end":{"line":83,"column":37}},"83":{"start":{"line":84,"column":0},"end":{"line":84,"column":8}},"84":{"start":{"line":85,"column":0},"end":{"line":85,"column":6}},"86":{"start":{"line":87,"column":0},"end":{"line":87,"column":60}},"87":{"start":{"line":88,"column":0},"end":{"line":88,"column":62}},"89":{"start":{"line":90,"column":0},"end":{"line":90,"column":22}},"91":{"start":{"line":92,"column":0},"end":{"line":92,"column":27}},"92":{"start":{"line":93,"column":0},"end":{"line":93,"column":79}},"93":{"start":{"line":94,"column":0},"end":{"line":94,"column":8}},"94":{"start":{"line":95,"column":0},"end":{"line":95,"column":6}},"96":{"start":{"line":97,"column":0},"end":{"line":97,"column":72}},"97":{"start":{"line":98,"column":0},"end":{"line":98,"column":57}},"99":{"start":{"line":100,"column":0},"end":{"line":100,"column":35}},"100":{"start":{"line":101,"column":0},"end":{"line":101,"column":35}},"101":{"start":{"line":102,"column":0},"end":{"line":102,"column":20}},"102":{"start":{"line":103,"column":0},"end":{"line":103,"column":36}},"103":{"start":{"line":104,"column":0},"end":{"line":104,"column":36}},"104":{"start":{"line":105,"column":0},"end":{"line":105,"column":36}},"105":{"start":{"line":106,"column":0},"end":{"line":106,"column":12}},"106":{"start":{"line":107,"column":0},"end":{"line":107,"column":9}},"108":{"start":{"line":109,"column":0},"end":{"line":109,"column":85}},"109":{"start":{"line":110,"column":0},"end":{"line":110,"column":36}},"111":{"start":{"line":112,"column":0},"end":{"line":112,"column":47}},"113":{"start":{"line":114,"column":0},"end":{"line":114,"column":17}},"114":{"start":{"line":115,"column":0},"end":{"line":115,"column":26}},"115":{"start":{"line":116,"column":0},"end":{"line":116,"column":8}},"116":{"start":{"line":117,"column":0},"end":{"line":117,"column":6}},"118":{"start":{"line":119,"column":0},"end":{"line":119,"column":76}},"119":{"start":{"line":120,"column":0},"end":{"line":120,"column":52}},"120":{"start":{"line":121,"column":0},"end":{"line":121,"column":51}},"121":{"start":{"line":122,"column":0},"end":{"line":122,"column":20}},"122":{"start":{"line":123,"column":0},"end":{"line":123,"column":18}},"123":{"start":{"line":124,"column":0},"end":{"line":124,"column":34}},"124":{"start":{"line":125,"column":0},"end":{"line":125,"column":12}},"125":{"start":{"line":126,"column":0},"end":{"line":126,"column":10}},"126":{"start":{"line":127,"column":0},"end":{"line":127,"column":8}},"128":{"start":{"line":129,"column":0},"end":{"line":129,"column":22}},"130":{"start":{"line":131,"column":0},"end":{"line":131,"column":27}},"131":{"start":{"line":132,"column":0},"end":{"line":132,"column":63}},"132":{"start":{"line":133,"column":0},"end":{"line":133,"column":8}},"133":{"start":{"line":134,"column":0},"end":{"line":134,"column":6}},"134":{"start":{"line":135,"column":0},"end":{"line":135,"column":4}},"136":{"start":{"line":137,"column":0},"end":{"line":137,"column":43}},"137":{"start":{"line":138,"column":0},"end":{"line":138,"column":74}},"138":{"start":{"line":139,"column":0},"end":{"line":139,"column":22}},"140":{"start":{"line":141,"column":0},"end":{"line":141,"column":83}},"141":{"start":{"line":142,"column":0},"end":{"line":142,"column":34}},"143":{"start":{"line":144,"column":0},"end":{"line":144,"column":45}},"144":{"start":{"line":145,"column":0},"end":{"line":145,"column":6}},"146":{"start":{"line":147,"column":0},"end":{"line":147,"column":78}},"147":{"start":{"line":148,"column":0},"end":{"line":148,"column":22}},"149":{"start":{"line":150,"column":0},"end":{"line":150,"column":72}},"150":{"start":{"line":151,"column":0},"end":{"line":151,"column":33}},"152":{"start":{"line":153,"column":0},"end":{"line":153,"column":87}},"153":{"start":{"line":154,"column":0},"end":{"line":154,"column":49}},"154":{"start":{"line":155,"column":0},"end":{"line":155,"column":6}},"156":{"start":{"line":157,"column":0},"end":{"line":157,"column":94}},"157":{"start":{"line":158,"column":0},"end":{"line":158,"column":22}},"160":{"start":{"line":161,"column":0},"end":{"line":161,"column":64}},"161":{"start":{"line":162,"column":0},"end":{"line":162,"column":35}},"164":{"start":{"line":165,"column":0},"end":{"line":165,"column":72}},"165":{"start":{"line":166,"column":0},"end":{"line":166,"column":33}},"167":{"start":{"line":168,"column":0},"end":{"line":168,"column":50}},"168":{"start":{"line":169,"column":0},"end":{"line":169,"column":50}},"169":{"start":{"line":170,"column":0},"end":{"line":170,"column":6}},"170":{"start":{"line":171,"column":0},"end":{"line":171,"column":4}},"172":{"start":{"line":173,"column":0},"end":{"line":173,"column":48}},"173":{"start":{"line":174,"column":0},"end":{"line":174,"column":59}},"174":{"start":{"line":175,"column":0},"end":{"line":175,"column":22}},"177":{"start":{"line":178,"column":0},"end":{"line":178,"column":31}},"178":{"start":{"line":179,"column":0},"end":{"line":179,"column":33}},"179":{"start":{"line":180,"column":0},"end":{"line":180,"column":74}},"180":{"start":{"line":181,"column":0},"end":{"line":181,"column":37}},"183":{"start":{"line":184,"column":0},"end":{"line":184,"column":74}},"184":{"start":{"line":185,"column":0},"end":{"line":185,"column":35}},"186":{"start":{"line":187,"column":0},"end":{"line":187,"column":57}},"187":{"start":{"line":188,"column":0},"end":{"line":188,"column":8}},"188":{"start":{"line":189,"column":0},"end":{"line":189,"column":6}},"189":{"start":{"line":190,"column":0},"end":{"line":190,"column":4}},"190":{"start":{"line":191,"column":0},"end":{"line":191,"column":2}}},"s":{"0":1,"33":1,"34":1,"35":1,"36":1,"37":1,"39":1,"40":10,"42":10,"43":1,"45":1,"46":9,"47":9,"48":9,"49":9,"50":9,"51":9,"52":9,"53":9,"55":1,"56":1,"57":1,"59":1,"60":1,"61":1,"62":1,"63":1,"65":1,"66":1,"67":1,"69":1,"70":1,"71":1,"73":1,"74":1,"75":1,"77":1,"78":2,"79":1,"81":1,"82":1,"83":1,"84":1,"86":1,"87":1,"89":1,"91":1,"92":1,"93":1,"94":1,"96":1,"97":1,"99":1,"100":4,"101":4,"102":4,"103":4,"104":4,"105":4,"106":4,"108":4,"109":4,"111":4,"113":4,"114":4,"115":1,"116":1,"118":1,"119":1,"120":1,"121":1,"122":1,"123":1,"124":1,"125":1,"126":1,"128":1,"130":1,"131":2,"132":1,"133":1,"134":1,"136":1,"137":1,"138":1,"140":1,"141":1,"143":1,"144":1,"146":1,"147":1,"149":1,"150":1,"152":1,"153":1,"154":1,"156":1,"157":1,"160":1,"161":1,"164":1,"165":1,"167":1,"168":1,"169":1,"170":1,"172":1,"173":1,"174":1,"177":1,"178":1,"179":3,"180":3,"183":3,"184":3,"186":3,"187":1,"188":1,"189":1,"190":1},"branchMap":{"0":{"type":"branch","line":34,"loc":{"start":{"line":34,"column":21},"end":{"line":191,"column":2}},"locations":[{"start":{"line":34,"column":21},"end":{"line":191,"column":2}}]},"1":{"type":"branch","line":40,"loc":{"start":{"line":40,"column":13},"end":{"line":44,"column":3}},"locations":[{"start":{"line":40,"column":13},"end":{"line":44,"column":3}}]},"2":{"type":"branch","line":46,"loc":{"start":{"line":46,"column":25},"end":{"line":54,"column":3}},"locations":[{"start":{"line":46,"column":25},"end":{"line":54,"column":3}}]},"3":{"type":"branch","line":56,"loc":{"start":{"line":56,"column":35},"end":{"line":72,"column":3}},"locations":[{"start":{"line":56,"column":35},"end":{"line":72,"column":3}}]},"4":{"type":"branch","line":57,"loc":{"start":{"line":57,"column":46},"end":{"line":64,"column":5}},"locations":[{"start":{"line":57,"column":46},"end":{"line":64,"column":5}}]},"5":{"type":"branch","line":66,"loc":{"start":{"line":66,"column":65},"end":{"line":71,"column":5}},"locations":[{"start":{"line":66,"column":65},"end":{"line":71,"column":5}}]},"6":{"type":"branch","line":67,"loc":{"start":{"line":67,"column":50},"end":{"line":67,"column":77}},"locations":[{"start":{"line":67,"column":50},"end":{"line":67,"column":77}}]},"7":{"type":"branch","line":67,"loc":{"start":{"line":67,"column":68},"end":{"line":67,"column":76}},"locations":[{"start":{"line":67,"column":68},"end":{"line":67,"column":76}}]},"8":{"type":"branch","line":74,"loc":{"start":{"line":74,"column":37},"end":{"line":135,"column":3}},"locations":[{"start":{"line":74,"column":37},"end":{"line":135,"column":3}}]},"9":{"type":"branch","line":75,"loc":{"start":{"line":75,"column":57},"end":{"line":85,"column":5}},"locations":[{"start":{"line":75,"column":57},"end":{"line":85,"column":5}}]},"10":{"type":"branch","line":78,"loc":{"start":{"line":78,"column":20},"end":{"line":80,"column":7}},"locations":[{"start":{"line":78,"column":20},"end":{"line":80,"column":7}}]},"11":{"type":"branch","line":87,"loc":{"start":{"line":87,"column":47},"end":{"line":95,"column":5}},"locations":[{"start":{"line":87,"column":47},"end":{"line":95,"column":5}}]},"12":{"type":"branch","line":92,"loc":{"start":{"line":92,"column":20},"end":{"line":94,"column":7}},"locations":[{"start":{"line":92,"column":20},"end":{"line":94,"column":7}}]},"13":{"type":"branch","line":97,"loc":{"start":{"line":97,"column":65},"end":{"line":117,"column":5}},"locations":[{"start":{"line":97,"column":65},"end":{"line":117,"column":5}}]},"14":{"type":"branch","line":100,"loc":{"start":{"line":100,"column":25},"end":{"line":116,"column":7}},"locations":[{"start":{"line":100,"column":25},"end":{"line":116,"column":7}}]},"15":{"type":"branch","line":119,"loc":{"start":{"line":119,"column":63},"end":{"line":134,"column":5}},"locations":[{"start":{"line":119,"column":63},"end":{"line":134,"column":5}}]},"16":{"type":"branch","line":131,"loc":{"start":{"line":131,"column":20},"end":{"line":133,"column":7}},"locations":[{"start":{"line":131,"column":20},"end":{"line":133,"column":7}}]},"17":{"type":"branch","line":137,"loc":{"start":{"line":137,"column":36},"end":{"line":171,"column":3}},"locations":[{"start":{"line":137,"column":36},"end":{"line":171,"column":3}}]},"18":{"type":"branch","line":138,"loc":{"start":{"line":138,"column":67},"end":{"line":145,"column":5}},"locations":[{"start":{"line":138,"column":67},"end":{"line":145,"column":5}}]},"19":{"type":"branch","line":147,"loc":{"start":{"line":147,"column":71},"end":{"line":155,"column":5}},"locations":[{"start":{"line":147,"column":71},"end":{"line":155,"column":5}}]},"20":{"type":"branch","line":157,"loc":{"start":{"line":157,"column":81},"end":{"line":170,"column":5}},"locations":[{"start":{"line":157,"column":81},"end":{"line":170,"column":5}}]},"21":{"type":"branch","line":173,"loc":{"start":{"line":173,"column":41},"end":{"line":190,"column":3}},"locations":[{"start":{"line":173,"column":41},"end":{"line":190,"column":3}}]},"22":{"type":"branch","line":174,"loc":{"start":{"line":174,"column":52},"end":{"line":189,"column":5}},"locations":[{"start":{"line":174,"column":52},"end":{"line":189,"column":5}}]},"23":{"type":"branch","line":179,"loc":{"start":{"line":179,"column":22},"end":{"line":188,"column":7}},"locations":[{"start":{"line":179,"column":22},"end":{"line":188,"column":7}}]}},"b":{"0":[1],"1":[10],"2":[9],"3":[1],"4":[1],"5":[1],"6":[1],"7":[1],"8":[1],"9":[1],"10":[2],"11":[1],"12":[1],"13":[1],"14":[4],"15":[1],"16":[2],"17":[1],"18":[1],"19":[1],"20":[1],"21":[1],"22":[1],"23":[3]},"fnMap":{"0":{"name":"renderNpsModal","decl":{"start":{"line":46,"column":25},"end":{"line":54,"column":3}},"loc":{"start":{"line":46,"column":25},"end":{"line":54,"column":3}},"line":46}},"f":{"0":9}}
,"C:\\Users\\adriana.p\\source\\repos\\nps-frontend-adriana\\src\\presentation\\components\\modules\\NpsModal\\NpsModal.tsx": {"path":"C:\\Users\\adriana.p\\source\\repos\\nps-frontend-adriana\\src\\presentation\\components\\modules\\NpsModal\\NpsModal.tsx","all":false,"statementMap":{"0":{"start":{"line":1,"column":0},"end":{"line":1,"column":44}},"14":{"start":{"line":15,"column":0},"end":{"line":15,"column":75}},"15":{"start":{"line":16,"column":0},"end":{"line":16,"column":63}},"16":{"start":{"line":17,"column":0},"end":{"line":17,"column":55}},"18":{"start":{"line":19,"column":0},"end":{"line":19,"column":19}},"20":{"start":{"line":21,"column":0},"end":{"line":21,"column":49}},"21":{"start":{"line":22,"column":0},"end":{"line":22,"column":15}},"22":{"start":{"line":23,"column":0},"end":{"line":23,"column":23}},"23":{"start":{"line":24,"column":0},"end":{"line":24,"column":8}},"24":{"start":{"line":25,"column":0},"end":{"line":25,"column":6}},"25":{"start":{"line":26,"column":0},"end":{"line":26,"column":29}},"26":{"start":{"line":27,"column":0},"end":{"line":27,"column":27}},"27":{"start":{"line":28,"column":0},"end":{"line":28,"column":35}},"28":{"start":{"line":29,"column":0},"end":{"line":29,"column":7}},"29":{"start":{"line":30,"column":0},"end":{"line":30,"column":6}},"30":{"start":{"line":31,"column":0},"end":{"line":31,"column":21}},"31":{"start":{"line":32,"column":0},"end":{"line":32,"column":60}},"32":{"start":{"line":33,"column":0},"end":{"line":33,"column":50}},"33":{"start":{"line":34,"column":0},"end":{"line":34,"column":54}},"34":{"start":{"line":35,"column":0},"end":{"line":35,"column":32}},"35":{"start":{"line":36,"column":0},"end":{"line":36,"column":17}},"36":{"start":{"line":37,"column":0},"end":{"line":37,"column":13}},"37":{"start":{"line":38,"column":0},"end":{"line":38,"column":14}},"39":{"start":{"line":40,"column":0},"end":{"line":40,"column":28}},"40":{"start":{"line":41,"column":0},"end":{"line":41,"column":25}},"41":{"start":{"line":42,"column":0},"end":{"line":42,"column":86}},"42":{"start":{"line":43,"column":0},"end":{"line":43,"column":12}},"43":{"start":{"line":44,"column":0},"end":{"line":44,"column":59}},"44":{"start":{"line":45,"column":0},"end":{"line":45,"column":5}},"45":{"start":{"line":46,"column":0},"end":{"line":46,"column":4}},"47":{"start":{"line":48,"column":0},"end":{"line":48,"column":10}},"48":{"start":{"line":49,"column":0},"end":{"line":49,"column":17}},"49":{"start":{"line":50,"column":0},"end":{"line":50,"column":16}},"50":{"start":{"line":51,"column":0},"end":{"line":51,"column":53}},"51":{"start":{"line":52,"column":0},"end":{"line":52,"column":71}},"52":{"start":{"line":53,"column":0},"end":{"line":53,"column":60}},"53":{"start":{"line":54,"column":0},"end":{"line":54,"column":42}},"54":{"start":{"line":55,"column":0},"end":{"line":55,"column":16}},"55":{"start":{"line":56,"column":0},"end":{"line":56,"column":35}},"56":{"start":{"line":57,"column":0},"end":{"line":57,"column":37}},"57":{"start":{"line":58,"column":0},"end":{"line":58,"column":31}},"58":{"start":{"line":59,"column":0},"end":{"line":59,"column":10}},"59":{"start":{"line":60,"column":0},"end":{"line":60,"column":16}},"60":{"start":{"line":61,"column":0},"end":{"line":61,"column":25}},"61":{"start":{"line":62,"column":0},"end":{"line":62,"column":39}},"62":{"start":{"line":63,"column":0},"end":{"line":63,"column":24}},"63":{"start":{"line":64,"column":0},"end":{"line":64,"column":26}},"64":{"start":{"line":65,"column":0},"end":{"line":65,"column":10}},"65":{"start":{"line":66,"column":0},"end":{"line":66,"column":12}},"66":{"start":{"line":67,"column":0},"end":{"line":67,"column":18}},"68":{"start":{"line":69,"column":0},"end":{"line":69,"column":2}}},"s":{"0":1,"14":1,"15":23,"16":23,"18":23,"20":13,"21":13,"22":13,"23":13,"24":13,"25":13,"26":11,"27":10,"28":10,"29":13,"30":13,"31":1,"32":0,"33":0,"34":1,"35":1,"36":13,"37":23,"39":23,"40":5,"41":4,"42":5,"43":1,"44":1,"45":5,"47":23,"48":23,"49":23,"50":23,"51":23,"52":23,"53":23,"54":23,"55":23,"56":23,"57":23,"58":23,"59":23,"60":23,"61":23,"62":23,"63":23,"64":23,"65":23,"66":23,"68":23},"branchMap":{"0":{"type":"branch","line":15,"loc":{"start":{"line":15,"column":24},"end":{"line":69,"column":2}},"locations":[{"start":{"line":15,"column":24},"end":{"line":69,"column":2}}]},"1":{"type":"branch","line":51,"loc":{"start":{"line":51,"column":11},"end":{"line":51,"column":48}},"locations":[{"start":{"line":51,"column":11},"end":{"line":51,"column":48}}]},"2":{"type":"branch","line":19,"loc":{"start":{"line":19,"column":12},"end":{"line":38,"column":5}},"locations":[{"start":{"line":19,"column":12},"end":{"line":38,"column":5}}]},"3":{"type":"branch","line":26,"loc":{"start":{"line":26,"column":10},"end":{"line":30,"column":5}},"locations":[{"start":{"line":26,"column":10},"end":{"line":30,"column":5}}]},"4":{"type":"branch","line":27,"loc":{"start":{"line":27,"column":25},"end":{"line":29,"column":7}},"locations":[{"start":{"line":27,"column":25},"end":{"line":29,"column":7}}]},"5":{"type":"branch","line":31,"loc":{"start":{"line":31,"column":11},"end":{"line":37,"column":5}},"locations":[{"start":{"line":31,"column":11},"end":{"line":37,"column":5}}]},"6":{"type":"branch","line":32,"loc":{"start":{"line":32,"column":49},"end":{"line":33,"column":50}},"locations":[{"start":{"line":32,"column":49},"end":{"line":33,"column":50}}]},"7":{"type":"branch","line":33,"loc":{"start":{"line":33,"column":42},"end":{"line":34,"column":54}},"locations":[{"start":{"line":33,"column":42},"end":{"line":34,"column":54}}]},"8":{"type":"branch","line":40,"loc":{"start":{"line":40,"column":21},"end":{"line":46,"column":4}},"locations":[{"start":{"line":40,"column":21},"end":{"line":46,"column":4}}]},"9":{"type":"branch","line":41,"loc":{"start":{"line":41,"column":24},"end":{"line":43,"column":11}},"locations":[{"start":{"line":41,"column":24},"end":{"line":43,"column":11}}]},"10":{"type":"branch","line":43,"loc":{"start":{"line":43,"column":4},"end":{"line":45,"column":5}},"locations":[{"start":{"line":43,"column":4},"end":{"line":45,"column":5}}]}},"b":{"0":[23],"1":[17],"2":[13],"3":[11],"4":[10],"5":[1],"6":[0],"7":[0],"8":[5],"9":[4],"10":[1]},"fnMap":{"0":{"name":"NpsModal","decl":{"start":{"line":15,"column":24},"end":{"line":69,"column":2}},"loc":{"start":{"line":15,"column":24},"end":{"line":69,"column":2}},"line":15},"1":{"name":"handleSend","decl":{"start":{"line":40,"column":21},"end":{"line":46,"column":4}},"loc":{"start":{"line":40,"column":21},"end":{"line":46,"column":4}},"line":40}},"f":{"0":23,"1":5}}
,"C:\\Users\\adriana.p\\source\\repos\\nps-frontend-adriana\\src\\presentation\\components\\modules\\NpsModal\\index.tsx": {"path":"C:\\Users\\adriana.p\\source\\repos\\nps-frontend-adriana\\src\\presentation\\components\\modules\\NpsModal\\index.tsx","all":true,"statementMap":{"0":{"start":{"line":1,"column":0},"end":{"line":1,"column":38}}},"s":{"0":0},"branchMap":{"0":{"type":"branch","line":1,"loc":{"start":{"line":1,"column":0},"end":{"line":3,"column":-4}},"locations":[{"start":{"line":1,"column":0},"end":{"line":3,"column":-4}}]}},"b":{"0":[0]},"fnMap":{"0":{"name":"(empty-report)","decl":{"start":{"line":1,"column":0},"end":{"line":3,"column":-4}},"loc":{"start":{"line":1,"column":0},"end":{"line":3,"column":-4}},"line":1}},"f":{"0":0}}
,"C:\\Users\\adriana.p\\source\\repos\\nps-frontend-adriana\\src\\presentation\\components\\modules\\NpsModal\\styles.ts": {"path":"C:\\Users\\adriana.p\\source\\repos\\nps-frontend-adriana\\src\\presentation\\components\\modules\\NpsModal\\styles.ts","all":false,"statementMap":{"0":{"start":{"line":1,"column":0},"end":{"line":1,"column":39}},"2":{"start":{"line":3,"column":0},"end":{"line":3,"column":36}}},"s":{"0":1,"2":1},"branchMap":{},"b":{},"fnMap":{},"f":{}}
}
